1.46760 0.99972 1.93547 0.50000 0.50000 4.82393 2.47476 2.96615
1.46761 1.01084 1.92438 0.50000 0.50000 4.82421 2.48301 2.96198
1.46762 1.02189 1.91334 0.50000 0.50000 4.82448 2.49109 2.95779
1.46763 1.03270 1.90255 0.50000 0.50000 4.82474 2.49889 2.95367
1.46763 1.04322 1.89205 0.50000 0.50000 4.82499 2.50637 2.94964
1.46764 1.05328 1.88201 0.50000 0.50000 4.82522 2.51346 2.94576
1.46765 1.06333 1.87197 0.50000 0.50000 4.82545 2.52048 2.94186
1.46765 1.07291 1.86240 0.50000 0.50000 4.82567 2.52709 2.93811
1.46766 1.08239 1.85293 0.50000 0.50000 4.82588 2.53359 2.93439
1.46767 1.09149 1.84384 0.50000 0.50000 4.82608 2.53976 2.93079
1.46767 1.10057 1.83477 0.50000 0.50000 4.82627 2.54587 2.92718
1.46768 1.10918 1.82618 0.50000 0.50000 4.82645 2.55162 2.92374
1.46768 1.11767 1.81769 0.50000 0.50000 4.82663 2.55725 2.92033
1.46768 1.12601 1.80936 0.50000 0.50000 4.82680 2.56275 2.91696
1.46769 1.13396 1.80141 0.50000 0.50000 4.82696 2.56796 2.91373
1.46769 1.14187 1.79352 0.50000 0.50000 4.82711 2.57310 2.91051
1.46769 1.14960 1.78579 0.50000 0.50000 4.82727 2.57811 2.90734
1.46770 1.15714 1.77826 0.50000 0.50000 4.82741 2.58295 2.90423
1.46770 1.16448 1.77093 0.50000 0.50000 4.82755 2.58765 2.90119
1.46770 1.17146 1.76395 0.50000 0.50000 4.82768 2.59209 2.89829
1.46771 1.17834 1.75707 0.50000 0.50000 4.82781 2.59645 2.89542
1.46771 1.18522 1.75019 0.50000 0.50000 4.82793 2.60079 2.89253
1.46771 1.19193 1.74349 0.50000 0.50000 4.82805 2.60500 2.88971
1.46771 1.19845 1.73697 0.50000 0.50000 4.82817 2.60907 2.88695
1.46772 1.20487 1.73057 0.50000 0.50000 4.82829 2.61306 2.88423
1.46772 1.21112 1.72431 0.50000 0.50000 4.82839 2.61694 2.88156
1.46772 1.21724 1.71820 0.50000 0.50000 4.82850 2.62071 2.87894
1.46772 1.22325 1.71220 0.50000 0.50000 4.82860 2.62441 2.87636
1.46772 1.22894 1.70650 0.50000 0.50000 4.82869 2.62789 2.87391
1.46773 1.23454 1.70091 0.50000 0.50000 4.82879 2.63130 2.87148
1.46773 1.23999 1.69547 0.50000 0.50000 4.82887 2.63460 2.86912
1.46773 1.24531 1.69014 0.50000 0.50000 4.82896 2.63782 2.86679
1.46773 1.25071 1.68475 0.50000 0.50000 4.82904 2.64107 2.86444
1.46773 1.25595 1.67951 0.50000 0.50000 4.82912 2.64423 2.86213
1.46773 1.26084 1.67462 0.50000 0.50000 4.82920 2.64716 2.85998
1.46773 1.26572 1.66975 0.50000 0.50000 4.82927 2.65006 2.85783
1.46773 1.27049 1.66498 0.50000 0.50000 4.82934 2.65290 2.85571
1.46774 1.27513 1.66035 0.50000 0.50000 4.82940 2.65565 2.85365
1.46774 1.27963 1.65585 0.50000 0.50000 4.82947 2.65831 2.85165
1.46774 1.28408 1.65140 0.50000 0.50000 4.82953 2.66093 2.84966
1.46774 1.28826 1.64722 0.50000 0.50000 4.82959 2.66338 2.84779
1.46774 1.29255 1.64293 0.50000 0.50000 4.82965 2.66590 2.84586
1.46774 1.29666 1.63882 0.50000 0.50000 4.82970 2.66830 2.84400
1.46774 1.30064 1.63484 0.50000 0.50000 4.82976 2.67061 2.84220
1.46774 1.30460 1.63089 0.50000 0.50000 4.82981 2.67291 2.84041
1.46774 1.30840 1.62709 0.50000 0.50000 4.82986 2.67511 2.83868
1.46774 1.31209 1.62340 0.50000 0.50000 4.82991 2.67724 2.83700
1.46774 1.31568 1.61981 0.50000 0.50000 4.82995 2.67931 2.83536
1.46774 1.31927 1.61622 0.50000 0.50000 4.83000 2.68138 2.83372
1.46775 1.32286 1.61263 0.50000 0.50000 4.83004 2.68344 2.83207
1.46775 1.32627 1.60922 0.50000 0.50000 4.83008 2.68539 2.83051
1.46775 1.32958 1.60591 0.50000 0.50000 4.83012 2.68728 2.82898
1.46775 1.33275 1.60275 0.50000 0.50000 4.83016 2.68908 2.82752
1.46775 1.33578 1.59972 0.50000 0.50000 4.83019 2.69080 2.82612
1.46775 1.33880 1.59670 0.50000 0.50000 4.83023 2.69251 2.82472
1.46775 1.34183 1.59367 0.50000 0.50000 4.83026 2.69423 2.82331
1.46775 1.34478 1.59072 0.50000 0.50000 4.83029 2.69589 2.82194
1.46775 1.34759 1.58791 0.50000 0.50000 4.83033 2.69748 2.82063
1.46775 1.35042 1.58508 0.50000 0.50000 4.83036 2.69908 2.81930
1.46775 1.35311 1.58239 0.50000 0.50000 4.83039 2.70058 2.81804
1.46775 1.35573 1.57977 0.50000 0.50000 4.83041 2.70205 2.81681
1.46775 1.35832 1.57718 0.50000 0.50000 4.83044 2.70350 2.81560
1.46775 1.36084 1.57466 0.50000 0.50000 4.83047 2.70491 2.81441
1.46775 1.36330 1.57220 0.50000 0.50000 4.83049 2.70628 2.81325
1.46775 1.36562 1.56989 0.50000 0.50000 4.83051 2.70757 2.81216
1.46775 1.36800 1.56750 0.50000 0.50000 4.83054 2.70890 2.81103
1.46775 1.37024 1.56526 0.50000 0.50000 4.83056 2.71013 2.80997
1.46775 1.37250 1.56301 0.50000 0.50000 4.83058 2.71139 2.80890
1.46775 1.37470 1.56081 0.50000 0.50000 4.83060 2.71260 2.80785
1.46775 1.37683 1.55867 0.50000 0.50000 4.83062 2.71378 2.80684
1.46775 1.37890 1.55660 0.50000 0.50000 4.83064 2.71493 2.80585
1.46775 1.38095 1.55456 0.50000 0.50000 4.83066 2.71605 2.80488
1.46775 1.38290 1.55261 0.50000 0.50000 4.83068 2.71712 2.80394
1.46775 1.38490 1.55060 0.50000 0.50000 4.83069 2.71823 2.80298
1.46775 1.38684 1.54867 0.50000 0.50000 4.83071 2.71929 2.80206
1.46775 1.38871 1.54680 0.50000 0.50000 4.83072 2.72031 2.80116
1.46775 1.39055 1.54495 0.50000 0.50000 4.83074 2.72132 2.80027
1.46775 1.39238 1.54313 0.50000 0.50000 4.83075 2.72232 2.79939
1.46775 1.39410 1.54140 0.50000 0.50000 4.83077 2.72326 2.79856
1.46775 1.39576 1.53974 0.50000 0.50000 4.83078 2.72416 2.79776
1.46775 1.39741 1.53810 0.50000 0.50000 4.83080 2.72506 2.79697
1.46775 1.39904 1.53647 0.50000 0.50000 4.83081 2.72594 2.79618
1.46775 1.40064 1.53487 0.50000 0.50000 4.83082 2.72681 2.79541
1.46775 1.40217 1.53334 0.50000 0.50000 4.83083 2.72764 2.79467
1.46775 1.40367 1.53183 0.50000 0.50000 4.83084 2.72845 2.79394
1.46775 1.40511 1.53040 0.50000 0.50000 4.83085 2.72923 2.79324
1.46775 1.40654 1.52897 0.50000 0.50000 4.83086 2.73000 2.79254
1.46775 1.40800 1.52751 0.50000 0.50000 4.83088 2.73079 2.79183
1.46775 1.40936 1.52614 0.50000 0.50000 4.83088 2.73152 2.79117
1.46775 1.41070 1.52480 0.50000 0.50000 4.83089 2.73224 2.79052
1.46775 1.41201 1.52350 0.50000 0.50000 4.83090 2.73295 2.78988
1.46775 1.41324 1.52227 0.50000 0.50000 4.83091 2.73361 2.78928
1.46775 1.41448 1.52102 0.50000 0.50000 4.83092 2.73427 2.78867
1.46775 1.41571 1.51980 0.50000 0.50000 4.83093 2.73493 2.78807
1.46775 1.41689 1.51862 0.50000 0.50000 4.83094 2.73556 2.78750
1.46775 1.41803 1.51748 0.50000 0.50000 4.83094 2.73617 2.78694
1.46775 1.41916 1.51635 0.50000 0.50000 4.83095 2.73677 2.78638
1.46775 1.42027 1.51524 0.50000 0.50000 4.83096 2.73736 2.78584
1.46775 1.42129 1.51422 0.50000 0.50000 4.83096 2.73791 2.78534
1.46775 1.42233 1.51318 0.50000 0.50000 4.83097 2.73846 2.78483
1.46775 1.42335 1.51216 0.50000 0.50000 4.83098 2.73901 2.78432
1.46775 1.42435 1.51115 0.50000 0.50000 4.83098 2.73954 2.78383
1.46775 1.42533 1.51018 0.50000 0.50000 4.83099 2.74006 2.78335
1.46775 1.42633 1.50918 0.50000 0.50000 4.83099 2.74059 2.78286
1.46775 1.42726 1.50825 0.50000 0.50000 4.83100 2.74108 2.78240
1.46775 1.42816 1.50735 0.50000 0.50000 4.83100 2.74156 2.78196
1.46775 1.42906 1.50644 0.50000 0.50000 4.83101 2.74204 2.78151
1.46775 1.42995 1.50556 0.50000 0.50000 4.83101 2.74251 2.78107
1.46775 1.43080 1.50471 0.50000 0.50000 4.83102 2.74295 2.78065
1.46775 1.43161 1.50390 0.50000 0.50000 4.83102 2.74338 2.78025
1.46775 1.43243 1.50308 0.50000 0.50000 4.83102 2.74382 2.77984
1.46775 1.43323 1.50227 0.50000 0.50000 4.83103 2.74424 2.77945
1.46775 1.43401 1.50150 0.50000 0.50000 4.83103 2.74465 2.77906
1.46775 1.43476 1.50075 0.50000 0.50000 4.83104 2.74504 2.77869
1.46775 1.43550 1.50001 0.50000 0.50000 4.83104 2.74543 2.77833
1.46775 1.43624 1.49927 0.50000 0.50000 4.83104 2.74582 2.77796
1.46775 1.43694 1.49857 0.50000 0.50000 4.83105 2.74619 2.77761
1.46775 1.43765 1.49786 0.50000 0.50000 4.83105 2.74657 2.77726
1.46775 1.43833 1.49718 0.50000 0.50000 4.83105 2.74692 2.77692
1.46775 1.43900 1.49651 0.50000 0.50000 4.83106 2.74727 2.77659
1.46775 1.43964 1.49586 0.50000 0.50000 4.83106 2.74761 2.77627
1.46775 1.44029 1.49522 0.50000 0.50000 4.83106 2.74795 2.77595
1.46775 1.44090 1.49461 0.50000 0.50000 4.83106 2.74827 2.77564
1.46775 1.44150 1.49401 0.50000 0.50000 4.83107 2.74859 2.77534
1.46775 1.44210 1.49341 0.50000 0.50000 4.83107 2.74890 2.77504
1.46775 1.44269 1.49282 0.50000 0.50000 4.83107 2.74921 2.77475
1.46775 1.44325 1.49226 0.50000 0.50000 4.83107 2.74950 2.77447
1.46775 1.44382 1.49168 0.50000 0.50000 4.83108 2.74980 2.77418
1.46775 1.44438 1.49113 0.50000 0.50000 4.83108 2.75009 2.77391
1.46775 1.44490 1.49061 0.50000 0.50000 4.83108 2.75036 2.77364
1.46775 1.44543 1.49008 0.50000 0.50000 4.83108 2.75064 2.77338
1.46775 1.44594 1.48956 0.50000 0.50000 4.83108 2.75091 2.77312
1.46775 1.44642 1.48908 0.50000 0.50000 4.83108 2.75116 2.77288
1.46775 1.44689 1.48862 0.50000 0.50000 4.83109 2.75140 2.77265
1.46775 1.44736 1.48815 0.50000 0.50000 4.83109 2.75164 2.77242
1.46775 1.44781 1.48770 0.50000 0.50000 4.83109 2.75188 2.77219
1.46775 1.44826 1.48725 0.50000 0.50000 4.83109 2.75211 2.77197
1.46775 1.44869 1.48681 0.50000 0.50000 4.83109 2.75234 2.77175
1.46775 1.44912 1.48639 0.50000 0.50000 4.83109 2.75256 2.77153
1.46775 1.44953 1.48598 0.50000 0.50000 4.83110 2.75277 2.77133
1.46775 1.44994 1.48557 0.50000 0.50000 4.83110 2.75298 2.77113
1.46775 1.45034 1.48517 0.50000 0.50000 4.83110 2.75319 2.77092
1.46775 1.45073 1.48477 0.50000 0.50000 4.83110 2.75340 2.77073
1.46775 1.45112 1.48439 0.50000 0.50000 4.83110 2.75360 2.77053
1.46775 1.45150 1.48401 0.50000 0.50000 4.83110 2.75379 2.77034
1.46775 1.45186 1.48365 0.50000 0.50000 4.83110 2.75398 2.77016
1.46775 1.45223 1.48328 0.50000 0.50000 4.83110 2.75417 2.76998
1.46775 1.45257 1.48294 0.50000 0.50000 4.83110 2.75435 2.76981
1.46775 1.45290 1.48260 0.50000 0.50000 4.83111 2.75452 2.76964
1.46775 1.45323 1.48227 0.50000 0.50000 4.83111 2.75469 2.76947
1.46775 1.45357 1.48194 0.50000 0.50000 4.83111 2.75486 2.76930
1.46775 1.45388 1.48163 0.50000 0.50000 4.83111 2.75503 2.76915
1.46775 1.45419 1.48132 0.50000 0.50000 4.83111 2.75518 2.76899
1.46775 1.45449 1.48102 0.50000 0.50000 4.83111 2.75534 2.76884
1.46775 1.45480 1.48071 0.50000 0.50000 4.83111 2.75550 2.76869
1.46775 1.45509 1.48042 0.50000 0.50000 4.83111 2.75565 2.76854
1.46775 1.45537 1.48014 0.50000 0.50000 4.83111 2.75580 2.76840
1.46775 1.45565 1.47985 0.50000 0.50000 4.83111 2.75594 2.76826
1.46775 1.45593 1.47958 0.50000 0.50000 4.83111 2.75608 2.76812
1.46775 1.45619 1.47932 0.50000 0.50000 4.83111 2.75622 2.76799
1.46775 1.45645 1.47906 0.50000 0.50000 4.83112 2.75635 2.76786
1.46775 1.45670 1.47881 0.50000 0.50000 4.83112 2.75648 2.76773
1.46775 1.45695 1.47856 0.50000 0.50000 4.83112 2.75661 2.76760
1.46775 1.45719 1.47832 0.50000 0.50000 4.83112 2.75673 2.76748
1.46775 1.45743 1.47808 0.50000 0.50000 4.83112 2.75686 2.76736
1.46775 1.45766 1.47785 0.50000 0.50000 4.83112 2.75697 2.76725
1.46775 1.45788 1.47763 0.50000 0.50000 4.83112 2.75709 2.76713
1.46775 1.45810 1.47741 0.50000 0.50000 4.83112 2.75720 2.76702
1.46775 1.45832 1.47719 0.50000 0.50000 4.83112 2.75731 2.76691
1.46775 1.45854 1.47697 0.50000 0.50000 4.83112 2.75743 2.76680
1.46775 1.45874 1.47676 0.50000 0.50000 4.83112 2.75753 2.76670
1.46775 1.45895 1.47656 0.50000 0.50000 4.83112 2.75764 2.76660
1.46775 1.45914 1.47637 0.50000 0.50000 4.83112 2.75774 2.76650
1.46775 1.45933 1.47618 0.50000 0.50000 4.83112 2.75783 2.76640
1.46775 1.45951 1.47599 0.50000 0.50000 4.83112 2.75793 2.76631
1.46775 1.45969 1.47581 0.50000 0.50000 4.83112 2.75802 2.76622
1.46775 1.45988 1.47563 0.50000 0.50000 4.83112 2.75811 2.76613
1.46775 1.46005 1.47546 0.50000 0.50000 4.83112 2.75820 2.76604
1.46775 1.46022 1.47529 0.50000 0.50000 4.83112 2.75829 2.76596
1.46775 1.46039 1.47512 0.50000 0.50000 4.83112 2.75838 2.76587
1.46775 1.46055 1.47496 0.50000 0.50000 4.83112 2.75846 2.76579
1.46775 1.46071 1.47480 0.50000 0.50000 4.83112 2.75854 2.76571
1.46775 1.46086 1.47464 0.50000 0.50000 4.83112 2.75862 2.76563
1.46775 1.46101 1.47449 0.50000 0.50000 4.83112 2.75870 2.76555
1.46775 1.46116 1.47434 0.50000 0.50000 4.83112 2.75878 2.76548
1.46775 1.46131 1.47420 0.50000 0.50000 4.83113 2.75885 2.76540
1.46775 1.46145 1.47406 0.50000 0.50000 4.83113 2.75892 2.76533
1.46775 1.46159 1.47391 0.50000 0.50000 4.83113 2.75900 2.76526
1.46775 1.46173 1.47377 0.50000 0.50000 4.83113 2.75907 2.76519
1.46775 1.46186 1.47364 0.50000 0.50000 4.83113 2.75913 2.76512
1.46775 1.46200 1.47351 0.50000 0.50000 4.83113 2.75920 2.76506
1.46775 1.46213 1.47338 0.50000 0.50000 4.83113 2.75927 2.76499
1.46775 1.46225 1.47326 0.50000 0.50000 4.83113 2.75933 2.76493
1.46775 1.46237 1.47314 0.50000 0.50000 4.83113 2.75939 2.76487
1.46775 1.46249 1.47302 0.50000 0.50000 4.83113 2.75945 2.76481
1.46775 1.46261 1.47290 0.50000 0.50000 4.83113 2.75951 2.76475
1.46775 1.46272 1.47279 0.50000 0.50000 4.83113 2.75957 2.76469
1.46775 1.46284 1.47267 0.50000 0.50000 4.83113 2.75963 2.76463
1.46775 1.46295 1.47256 0.50000 0.50000 4.83113 2.75969 2.76458
1.46775 1.46305 1.47245 0.50000 0.50000 4.83113 2.75974 2.76452
1.46775 1.46316 1.47235 0.50000 0.50000 4.83113 2.75980 2.76447
1.46775 1.46326 1.47225 0.50000 0.50000 4.83113 2.75985 2.76442
1.46775 1.46336 1.47215 0.50000 0.50000 4.83113 2.75990 2.76437
1.46775 1.46346 1.47205 0.50000 0.50000 4.83113 2.75995 2.76432
1.46775 1.46355 1.47195 0.50000 0.50000 4.83113 2.76000 2.76427
1.46775 1.46364 1.47186 0.50000 0.50000 4.83113 2.76005 2.76422
1.46775 1.46374 1.47177 0.50000 0.50000 4.83113 2.76009 2.76418
1.46775 1.46383 1.47168 0.50000 0.50000 4.83113 2.76014 2.76413
1.46775 1.46391 1.47159 0.50000 0.50000 4.83113 2.76018 2.76409
1.46775 1.46400 1.47151 0.50000 0.50000 4.83113 2.76023 2.76404
1.46775 1.46409 1.47142 0.50000 0.50000 4.83113 2.76027 2.76400
1.46775 1.46417 1.47134 0.50000 0.50000 4.83113 2.76031 2.76396
1.46775 1.46425 1.47126 0.50000 0.50000 4.83113 2.76035 2.76392
1.46775 1.46433 1.47118 0.50000 0.50000 4.83113 2.76039 2.76388
1.46775 1.46440 1.47110 0.50000 0.50000 4.83113 2.76043 2.76384
1.46775 1.46448 1.47103 0.50000 0.50000 4.83113 2.76047 2.76380
1.46775 1.46455 1.47095 0.50000 0.50000 4.83113 2.76051 2.76376
1.46775 1.46462 1.47088 0.50000 0.50000 4.83113 2.76055 2.76373
1.46775 1.46469 1.47082 0.50000 0.50000 4.83113 2.76058 2.76369
1.46775 1.46476 1.47075 0.50000 0.50000 4.83113 2.76062 2.76366
1.46775 1.46483 1.47068 0.50000 0.50000 4.83113 2.76065 2.76362
1.46775 1.46489 1.47061 0.50000 0.50000 4.83113 2.76068 2.76359
1.46775 1.46496 1.47055 0.50000 0.50000 4.83113 2.76072 2.76356
1.46775 1.46502 1.47049 0.50000 0.50000 4.83113 2.76075 2.76353
1.46775 1.46508 1.47043 0.50000 0.50000 4.83113 2.76078 2.76350
1.46775 1.46514 1.47037 0.50000 0.50000 4.83113 2.76081 2.76347
1.46775 1.46519 1.47031 0.50000 0.50000 4.83113 2.76084 2.76344
1.46775 1.46525 1.47026 0.50000 0.50000 4.83113 2.76086 2.76341
1.46775 1.46530 1.47020 0.50000 0.50000 4.83113 2.76089 2.76338
1.46775 1.46536 1.47015 0.50000 0.50000 4.83113 2.76092 2.76335
1.46775 1.46541 1.47010 0.50000 0.50000 4.83113 2.76095 2.76333
1.46775 1.46546 1.47004 0.50000 0.50000 4.83113 2.76097 2.76330
1.46775 1.46551 1.47000 0.50000 0.50000 4.83113 2.76100 2.76328
1.46775 1.46556 1.46995 0.50000 0.50000 4.83113 2.76102 2.76325
1.46775 1.46561 1.46990 0.50000 0.50000 4.83113 2.76105 2.76323
1.46775 1.46566 1.46985 0.50000 0.50000 4.83113 2.76107 2.76320
1.46775 1.46570 1.46981 0.50000 0.50000 4.83113 2.76110 2.76318
1.46775 1.46575 1.46976 0.50000 0.50000 4.83113 2.76112 2.76316
1.46775 1.46579 1.46972 0.50000 0.50000 4.83113 2.76114 2.76313
1.46775 1.46584 1.46967 0.50000 0.50000 4.83113 2.76116 2.76311
1.46775 1.46588 1.46963 0.50000 0.50000 4.83113 2.76119 2.76309
1.46775 1.46592 1.46959 0.50000 0.50000 4.83113 2.76121 2.76307
1.46775 1.46596 1.46955 0.50000 0.50000 4.83113 2.76123 2.76305
1.46775 1.46600 1.46951 0.50000 0.50000 4.83113 2.76125 2.76303
1.46775 1.46604 1.46947 0.50000 0.50000 4.83113 2.76127 2.76301
1.46775 1.46608 1.46943 0.50000 0.50000 4.83113 2.76129 2.76299
1.46775 1.46611 1.46940 0.50000 0.50000 4.83113 2.76130 2.76297
1.46775 1.46615 1.46936 0.50000 0.50000 4.83113 2.76132 2.76295
1.46775 1.46618 1.46932 0.50000 0.50000 4.83113 2.76134 2.76294
1.46775 1.46622 1.46929 0.50000 0.50000 4.83113 2.76136 2.76292
1.46775 1.46625 1.46926 0.50000 0.50000 4.83113 2.76138 2.76290
1.46775 1.46629 1.46922 0.50000 0.50000 4.83113 2.76139 2.76288
1.46775 1.46632 1.46919 0.50000 0.50000 4.83113 2.76141 2.76287
1.46775 1.46635 1.46916 0.50000 0.50000 4.83113 2.76143 2.76285
1.46775 1.46638 1.46913 0.50000 0.50000 4.83113 2.76144 2.76284
1.46775 1.46641 1.46910 0.50000 0.50000 4.83113 2.76146 2.76282
1.46775 1.46644 1.46907 0.50000 0.50000 4.83113 2.76147 2.76281
1.46775 1.46647 1.46904 0.50000 0.50000 4.83113 2.76149 2.76279
1.46775 1.46650 1.46901 0.50000 0.50000 4.83113 2.76150 2.76278
1.46775 1.46652 1.46898 0.50000 0.50000 4.83113 2.76151 2.76276
1.46775 1.46655 1.46896 0.50000 0.50000 4.83113 2.76153 2.76275
1.46775 1.46658 1.46893 0.50000 0.50000 4.83113 2.76154 2.76274
1.46775 1.46660 1.46890 0.50000 0.50000 4.83113 2.76155 2.76272
1.46775 1.46663 1.46888 0.50000 0.50000 4.83113 2.76157 2.76271
1.46775 1.46665 1.46885 0.50000 0.50000 4.83113 2.76158 2.76270
1.46775 1.46668 1.46883 0.50000 0.50000 4.83113 2.76159 2.76269
1.46775 1.46670 1.46881 0.50000 0.50000 4.83113 2.76160 2.76267
1.46775 1.46672 1.46878 0.50000 0.50000 4.83113 2.76162 2.76266
1.46775 1.46675 1.46876 0.50000 0.50000 4.83113 2.76163 2.76265
1.46775 1.46677 1.46874 0.50000 0.50000 4.83113 2.76164 2.76264
1.46775 1.46679 1.46872 0.50000 0.50000 4.83113 2.76165 2.76263
1.46775 1.46681 1.46870 0.50000 0.50000 4.83113 2.76166 2.76262
1.46775 1.46683 1.46868 0.50000 0.50000 4.83113 2.76167 2.76261
1.46775 1.46685 1.46866 0.50000 0.50000 4.83113 2.76168 2.76260
1.46775 1.46687 1.46864 0.50000 0.50000 4.83113 2.76169 2.76259
1.46775 1.46689 1.46862 0.50000 0.50000 4.83113 2.76170 2.76258
1.46775 1.46691 1.46860 0.50000 0.50000 4.83113 2.76171 2.76257
1.46775 1.46693 1.46858 0.50000 0.50000 4.83113 2.76172 2.76256
1.46775 1.46695 1.46856 0.50000 0.50000 4.83113 2.76173 2.76255
1.46775 1.46696 1.46854 0.50000 0.50000 4.83113 2.76174 2.76254
1.46775 1.46698 1.46853 0.50000 0.50000 4.83113 2.76175 2.76253
1.46775 1.46700 1.46851 0.50000 0.50000 4.83113 2.76175 2.76252
1.46775 1.46701 1.46849 0.50000 0.50000 4.83113 2.76176 2.76251
1.46775 1.46703 1.46848 0.50000 0.50000 4.83113 2.76177 2.76251
1.46775 1.46705 1.46846 0.50000 0.50000 4.83113 2.76178 2.76250
1.46775 1.46706 1.46845 0.50000 0.50000 4.83113 2.76179 2.76249
1.46775 1.46708 1.46843 0.50000 0.50000 4.83113 2.76180 2.76248
1.46775 1.46709 1.46842 0.50000 0.50000 4.83113 2.76180 2.76247
1.46775 1.46711 1.46840 0.50000 0.50000 4.83113 2.76181 2.76247
1.46775 1.46712 1.46839 0.50000 0.50000 4.83113 2.76182 2.76246
1.46775 1.46714 1.46837 0.50000 0.50000 4.83113 2.76183 2.76245
1.46775 1.46715 1.46836 0.50000 0.50000 4.83113 2.76183 2.76245
1.46775 1.46716 1.46834 0.50000 0.50000 4.83113 2.76184 2.76244
1.46775 1.46718 1.46833 0.50000 0.50000 4.83113 2.76185 2.76243
1.46775 1.46719 1.46832 0.50000 0.50000 4.83113 2.76185 2.76243
1.46775 1.46720 1.46831 0.50000 0.50000 4.83113 2.76186 2.76242
1.46775 1.46721 1.46829 0.50000 0.50000 4.83113 2.76186 2.76241
1.46775 1.46723 1.46828 0.50000 0.50000 4.83113 2.76187 2.76241
1.46775 1.46724 1.46827 0.50000 0.50000 4.83113 2.76188 2.76240
1.46775 1.46725 1.46826 0.50000 0.50000 4.83113 2.76188 2.76240
1.46775 1.46726 1.46825 0.50000 0.50000 4.83113 2.76189 2.76239
1.46775 1.46727 1.46824 0.50000 0.50000 4.83113 2.76189 2.76238
1.46775 1.46728 1.46823 0.50000 0.50000 4.83113 2.76190 2.76238
1.46775 1.46729 1.46822 0.50000 0.50000 4.83113 2.76190 2.76237
1.46775 1.46730 1.46821 0.50000 0.50000 4.83113 2.76191 2.76237
1.46775 1.46731 1.46820 0.50000 0.50000 4.83113 2.76191 2.76236
1.46775 1.46732 1.46819 0.50000 0.50000 4.83113 2.76192 2.76236
1.46775 1.46733 1.46818 0.50000 0.50000 4.83113 2.76192 2.76235
1.46775 1.46734 1.46817 0.50000 0.50000 4.83113 2.76193 2.76235
1.46775 1.46735 1.46816 0.50000 0.50000 4.83113 2.76193 2.76234
1.46775 1.46736 1.46815 0.50000 0.50000 4.83113 2.76194 2.76234
1.46775 1.46737 1.46814 0.50000 0.50000 4.83113 2.76194 2.76234
1.46775 1.46738 1.46813 0.50000 0.50000 4.83113 2.76195 2.76233
1.46775 1.46738 1.46812 0.50000 0.50000 4.83113 2.76195 2.76233
1.46775 1.46739 1.46812 0.50000 0.50000 4.83113 2.76196 2.76232
