1.082744 1.249079 -4.367346
1.082744 1.247906 -4.367464
1.082744 1.246787 -4.367577
1.082744 1.245633 -4.367691
1.082744 1.244411 -4.367813
1.082744 1.243204 -4.367931
1.082744 1.242155 -4.368033
1.082744 1.241011 -4.368144
1.082744 1.239780 -4.368263
1.082744 1.238536 -4.368383
1.082744 1.237413 -4.368489
1.082744 1.236203 -4.368603
1.082744 1.235166 -4.368700
1.082744 1.234227 -4.368786
1.082744 1.233080 -4.368893
1.082744 1.232068 -4.368985
1.082744 1.230987 -4.369083
1.082744 1.229944 -4.369177
1.082744 1.228810 -4.369279
1.082744 1.227783 -4.369371
1.082744 1.226789 -4.369459
1.082744 1.225651 -4.369560
1.082744 1.224602 -4.369652
1.082744 1.223384 -4.369758
1.082744 1.222374 -4.369844
1.082744 1.221339 -4.369933
1.082744 1.220396 -4.370012
1.082744 1.219362 -4.370099
1.082744 1.218442 -4.370176
1.082744 1.217408 -4.370262
1.082744 1.216326 -4.370352
1.082744 1.215456 -4.370423
1.082744 1.214481 -4.370502
1.082744 1.213529 -4.370578
1.082744 1.212628 -4.370650
1.082744 1.211612 -4.370731
1.082744 1.210708 -4.370802
1.082744 1.209723 -4.370880
1.082744 1.208811 -4.370951
1.082744 1.207927 -4.371019
1.082744 1.207054 -4.371086
1.082744 1.206164 -4.371153
1.082744 1.205308 -4.371218
1.082744 1.204311 -4.371293
1.082744 1.203394 -4.371362
1.082744 1.202527 -4.371426
1.082744 1.201615 -4.371493
1.082744 1.200726 -4.371558
1.082744 1.199878 -4.371619
1.082744 1.199026 -4.371680
1.082744 1.198165 -4.371742
1.082744 1.197422 -4.371794
1.082744 1.196562 -4.371856
1.082744 1.195850 -4.371905
1.082744 1.195044 -4.371961
1.082744 1.194129 -4.372026
1.082744 1.193415 -4.372075
1.082744 1.192592 -4.372131
1.082744 1.191874 -4.372179
1.082744 1.191030 -4.372236
1.082744 1.190230 -4.372290
1.082744 1.189483 -4.372339
1.082744 1.188790 -4.372385
1.082744 1.188068 -4.372431
1.082744 1.187353 -4.372478
1.082744 1.186523 -4.372532
1.082744 1.185782 -4.372580
1.082744 1.185094 -4.372623
1.082744 1.184350 -4.372670
1.082744 1.183712 -4.372710
1.082744 1.183058 -4.372750
1.082744 1.182287 -4.372798
1.082744 1.181608 -4.372840
1.082744 1.180895 -4.372883
1.082744 1.180214 -4.372925
1.082744 1.179536 -4.372966
1.082744 1.178871 -4.373006
1.082744 1.178146 -4.373049
1.082744 1.177473 -4.373089
1.082744 1.176719 -4.373134
1.082744 1.176068 -4.373172
1.082744 1.175442 -4.373209
1.082744 1.174798 -4.373246
1.082744 1.174182 -4.373281
1.082744 1.173535 -4.373318
1.082744 1.172838 -4.373358
1.082744 1.172185 -4.373395
1.082744 1.171589 -4.373428
1.082744 1.170948 -4.373463
1.082744 1.170374 -4.373494
1.082744 1.169689 -4.373533
1.082744 1.169085 -4.373566
1.082744 1.168463 -4.373599
1.082744 1.167923 -4.373627
1.082744 1.167333 -4.373659
1.082744 1.166675 -4.373694
1.082744 1.166087 -4.373725
1.082744 1.165518 -4.373754
1.082744 1.164954 -4.373784
1.082744 1.164402 -4.373812
1.082744 1.163792 -4.373843
1.082744 1.163276 -4.373869
1.082744 1.162644 -4.373902
1.082744 1.162109 -4.373929
1.082744 1.161548 -4.373957
1.082744 1.160989 -4.373984
1.082744 1.160425 -4.374013
1.082744 1.159824 -4.374042
1.082744 1.159246 -4.374070
1.082744 1.158692 -4.374097
1.082744 1.158197 -4.374121
1.082744 1.157709 -4.374144
1.082744 1.157190 -4.374168
1.082744 1.156659 -4.374193
1.082744 1.156140 -4.374217
1.082744 1.155634 -4.374241
1.082744 1.155144 -4.374263
1.082744 1.154581 -4.374289
1.082744 1.154095 -4.374311
1.082744 1.153558 -4.374336
1.082744 1.153045 -4.374359
1.082744 1.152586 -4.374379
1.082744 1.152119 -4.374399
1.082744 1.151607 -4.374422
1.082744 1.151044 -4.374447
1.082744 1.150593 -4.374466
1.082744 1.150105 -4.374487
1.082744 1.149665 -4.374506
1.082744 1.149170 -4.374527
1.082744 1.148752 -4.374544
1.082744 1.148342 -4.374561
1.082744 1.147894 -4.374580
1.082744 1.147395 -4.374601
1.082744 1.146934 -4.374620
1.082744 1.146484 -4.374638
1.082744 1.146052 -4.374655
1.082744 1.145614 -4.374673
1.082744 1.145187 -4.374690
1.082744 1.144764 -4.374707
1.082744 1.144313 -4.374725
1.082744 1.143914 -4.374740
1.082744 1.143489 -4.374756
1.082744 1.143082 -4.374772
1.082744 1.142695 -4.374786
1.082744 1.142284 -4.374802
1.082744 1.141922 -4.374816
1.082744 1.141508 -4.374831
1.082744 1.141132 -4.374845
1.082744 1.140685 -4.374862
1.082744 1.140291 -4.374877
1.082744 1.139851 -4.374893
1.082744 1.139428 -4.374909
1.082744 1.139077 -4.374921
1.082744 1.138695 -4.374935
1.082744 1.138281 -4.374950
1.082744 1.137915 -4.374963
1.082744 1.137495 -4.374978
1.082744 1.137139 -4.374990
1.082744 1.136796 -4.375002
1.082744 1.136405 -4.375016
1.082744 1.136030 -4.375029
1.082744 1.135635 -4.375042
1.082744 1.135307 -4.375053
1.082744 1.134972 -4.375065
1.082744 1.134556 -4.375079
1.082744 1.134216 -4.375090
1.082744 1.133831 -4.375103
1.082744 1.133405 -4.375117
1.082744 1.133006 -4.375130
1.082744 1.132697 -4.375140
1.082744 1.132367 -4.375151
1.082744 1.132033 -4.375161
1.082744 1.131683 -4.375172
1.082744 1.131323 -4.375184
1.082744 1.130979 -4.375195
1.082744 1.130553 -4.375209
1.082744 1.130223 -4.375219
1.082744 1.129913 -4.375228
1.082744 1.129592 -4.375238
1.082744 1.129248 -4.375249
1.082744 1.128925 -4.375259
1.082744 1.128608 -4.375268
1.082744 1.128293 -4.375278
1.082744 1.127953 -4.375288
1.082744 1.127623 -4.375298
1.082744 1.127309 -4.375307
1.082744 1.127004 -4.375316
1.082744 1.126721 -4.375324
1.082744 1.126427 -4.375333
1.082744 1.126104 -4.375342
1.082744 1.125804 -4.375350
1.082744 1.125511 -4.375358
1.082744 1.125239 -4.375366
1.082744 1.124943 -4.375374
1.082744 1.124651 -4.375382
1.082744 1.124376 -4.375389
1.082744 1.124082 -4.375397
1.082744 1.123769 -4.375406
1.082744 1.123498 -4.375413
1.082744 1.123228 -4.375420
1.082744 1.122948 -4.375428
1.082744 1.122670 -4.375435
1.082744 1.122373 -4.375443
1.082744 1.122118 -4.375449
1.082744 1.121851 -4.375456
1.082744 1.121583 -4.375463
1.082744 1.121304 -4.375470
1.082744 1.121030 -4.375477
1.082744 1.120754 -4.375484
1.082744 1.120455 -4.375492
1.082744 1.120215 -4.375498
1.082744 1.119953 -4.375504
1.082744 1.119693 -4.375511
1.082744 1.119470 -4.375516
1.082744 1.119226 -4.375522
1.082744 1.118997 -4.375527
1.082744 1.118758 -4.375533
1.082744 1.118527 -4.375538
1.082744 1.118302 -4.375543
1.082744 1.118047 -4.375549
1.082744 1.117837 -4.375554
1.082744 1.117602 -4.375560
1.082744 1.117378 -4.375565
1.082744 1.117139 -4.375570
1.082744 1.116898 -4.375576
1.082744 1.116657 -4.375581
1.082744 1.116412 -4.375587
1.082744 1.116156 -4.375593
1.082744 1.115930 -4.375598
1.082744 1.115702 -4.375603
1.082744 1.115482 -4.375608
1.082744 1.115245 -4.375613
1.082744 1.115000 -4.375618
1.082744 1.114746 -4.375624
1.082744 1.114507 -4.375629
1.082744 1.114276 -4.375634
1.082744 1.114055 -4.375638
1.082744 1.113857 -4.375642
1.082744 1.113666 -4.375646
1.082744 1.113453 -4.375651
1.082744 1.113225 -4.375656
1.082744 1.113046 -4.375659
1.082744 1.112872 -4.375662
1.082744 1.112668 -4.375667
1.082744 1.112459 -4.375671
1.082744 1.112270 -4.375674
1.082744 1.112071 -4.375678
1.082744 1.111880 -4.375682
1.082744 1.111647 -4.375687
1.082744 1.111458 -4.375690
1.082744 1.111251 -4.375694
1.082744 1.111048 -4.375698
1.082744 1.110844 -4.375702
1.082744 1.110636 -4.375706
1.082744 1.110447 -4.375709
1.082744 1.110250 -4.375713
1.082744 1.110057 -4.375717
1.082744 1.109831 -4.375721
1.082744 1.109654 -4.375724
1.082744 1.109472 -4.375728
1.082744 1.109278 -4.375731
1.082744 1.109111 -4.375734
1.082744 1.108932 -4.375737
1.082744 1.108744 -4.375740
1.082744 1.108567 -4.375743
1.082744 1.108414 -4.375746
1.082744 1.108237 -4.375749
1.082744 1.108071 -4.375752
1.082744 1.107891 -4.375755
1.082744 1.107730 -4.375758
1.082744 1.107549 -4.375761
1.082744 1.107377 -4.375764
1.082744 1.107230 -4.375766
1.082744 1.107042 -4.375769
1.082744 1.106854 -4.375772
1.082744 1.106700 -4.375775
1.082744 1.106549 -4.375777
1.082744 1.106387 -4.375780
1.082744 1.106233 -4.375782
1.082744 1.106077 -4.375785
1.082744 1.105920 -4.375787
1.082744 1.105771 -4.375790
1.082744 1.105606 -4.375792
1.082744 1.105471 -4.375794
1.082744 1.105304 -4.375797
1.082744 1.105157 -4.375799
1.082744 1.105015 -4.375801
1.082744 1.104882 -4.375803
1.082744 1.104711 -4.375806
1.082744 1.104549 -4.375808
1.082744 1.104404 -4.375810
1.082744 1.104280 -4.375812
1.082744 1.104148 -4.375814
1.082744 1.103994 -4.375816
1.082744 1.103853 -4.375818
1.082744 1.103729 -4.375820
1.082744 1.103572 -4.375822
1.082744 1.103418 -4.375825
1.082744 1.103280 -4.375826
1.082744 1.103145 -4.375828
1.082744 1.103005 -4.375830
1.082744 1.102865 -4.375832
1.082744 1.102735 -4.375834
1.082744 1.102604 -4.375836
1.082744 1.102482 -4.375837
1.082744 1.102345 -4.375839
1.082744 1.102211 -4.375841
1.082744 1.102062 -4.375843
1.082744 1.101934 -4.375845
1.082744 1.101815 -4.375846
1.082744 1.101698 -4.375848
1.082744 1.101551 -4.375850
1.082744 1.101423 -4.375851
1.082744 1.101285 -4.375853
1.082744 1.101167 -4.375855
1.082744 1.101048 -4.375856
1.082744 1.100913 -4.375858
1.082744 1.100780 -4.375860
1.082744 1.100658 -4.375861
1.082744 1.100541 -4.375863
1.082744 1.100414 -4.375864
1.082744 1.100282 -4.375866
1.082744 1.100168 -4.375867
1.082744 1.100041 -4.375869
1.082744 1.099916 -4.375870
1.082744 1.099804 -4.375872
1.082744 1.099690 -4.375873
1.082744 1.099566 -4.375874
1.082744 1.099438 -4.375876
1.082744 1.099311 -4.375877
1.082744 1.099190 -4.375879
1.082744 1.099079 -4.375880
1.082744 1.098978 -4.375881
1.082744 1.098871 -4.375882
1.082744 1.098760 -4.375884
1.082744 1.098654 -4.375885
1.082744 1.098539 -4.375886
1.082744 1.098435 -4.375887
1.082744 1.098320 -4.375888
1.082744 1.098231 -4.375889
1.082744 1.098124 -4.375890
1.082744 1.098029 -4.375891
1.082744 1.097929 -4.375893
1.082744 1.097826 -4.375894
1.082744 1.097725 -4.375895
1.082744 1.097624 -4.375896
1.082744 1.097516 -4.375897
1.082744 1.097422 -4.375898
1.082744 1.097327 -4.375899
1.082744 1.097231 -4.375900
1.082744 1.097127 -4.375901
1.082744 1.097041 -4.375902
1.082744 1.096942 -4.375903
1.082744 1.096862 -4.375904
1.082744 1.096749 -4.375905
1.082744 1.096655 -4.375906
1.082744 1.096555 -4.375907
1.082744 1.096468 -4.375907
1.082744 1.096369 -4.375908
1.082744 1.096284 -4.375909
1.082744 1.096187 -4.375910
1.082744 1.096103 -4.375911
1.082744 1.096015 -4.375912
1.082744 1.095924 -4.375913
1.082744 1.095827 -4.375913
1.082744 1.095737 -4.375914
1.082744 1.095646 -4.375915
1.082744 1.095555 -4.375916
1.082744 1.095475 -4.375917
1.082744 1.095378 -4.375918
1.082744 1.095301 -4.375918
1.082744 1.095209 -4.375919
1.082744 1.095129 -4.375920
1.082744 1.095043 -4.375921
1.082744 1.094965 -4.375921
1.082744 1.094884 -4.375922
1.082744 1.094802 -4.375923
1.082744 1.094721 -4.375923
1.082744 1.094639 -4.375924
1.082744 1.094567 -4.375925
1.082744 1.094484 -4.375925
1.082744 1.094401 -4.375926
1.082744 1.094327 -4.375927
1.082744 1.094245 -4.375927
1.082744 1.094179 -4.375928
1.082744 1.094102 -4.375928
1.082744 1.094025 -4.375929
1.082744 1.093949 -4.375930
1.082744 1.093871 -4.375930
1.082744 1.093798 -4.375931
1.082744 1.093718 -4.375931
1.082744 1.093644 -4.375932
1.082744 1.093572 -4.375933
1.082744 1.093498 -4.375933
1.082744 1.093431 -4.375934
1.082744 1.093342 -4.375934
1.082744 1.093268 -4.375935
1.082744 1.093194 -4.375936
1.082744 1.093124 -4.375936
1.082744 1.093059 -4.375937
1.082744 1.092991 -4.375937
1.082744 1.092925 -4.375938
1.082744 1.092860 -4.375938
1.082744 1.092798 -4.375938
1.082744 1.092729 -4.375939
1.082744 1.092662 -4.375939
1.082744 1.092585 -4.375940
1.082744 1.092518 -4.375940
1.082744 1.092452 -4.375941
1.082744 1.092392 -4.375941
1.082744 1.092325 -4.375942
1.082744 1.092265 -4.375942
1.082744 1.092207 -4.375943
1.082744 1.092149 -4.375943
1.082744 1.092095 -4.375943
1.082744 1.092028 -4.375944
1.082744 1.091963 -4.375944
1.082744 1.091904 -4.375945
1.082744 1.091840 -4.375945
1.082744 1.091783 -4.375945
1.082744 1.091729 -4.375946
1.082744 1.091676 -4.375946
1.082744 1.091617 -4.375947
1.082744 1.091566 -4.375947
1.082744 1.091503 -4.375947
1.082744 1.091448 -4.375948
1.082744 1.091386 -4.375948
1.082744 1.091323 -4.375948
1.082744 1.091272 -4.375949
1.082744 1.091212 -4.375949
1.082744 1.091158 -4.375949
1.082744 1.091098 -4.375950
1.082744 1.091036 -4.375950
1.082744 1.090986 -4.375951
1.082744 1.090919 -4.375951
1.082744 1.090867 -4.375951
1.082744 1.090810 -4.375952
1.082744 1.090759 -4.375952
1.082744 1.090709 -4.375952
1.082744 1.090649 -4.375953
1.082744 1.090593 -4.375953
1.082744 1.090543 -4.375953
1.082744 1.090496 -4.375953
1.082744 1.090445 -4.375954
1.082744 1.090396 -4.375954
1.082744 1.090349 -4.375954
1.082744 1.090299 -4.375955
1.082744 1.090244 -4.375955
1.082744 1.090192 -4.375955
1.082744 1.090142 -4.375955
1.082744 1.090091 -4.375956
1.082744 1.090044 -4.375956
1.082744 1.089990 -4.375956
1.082744 1.089948 -4.375956
1.082744 1.089903 -4.375957
1.082744 1.089850 -4.375957
1.082744 1.089804 -4.375957
1.082744 1.089758 -4.375957
1.082744 1.089707 -4.375958
1.082744 1.089655 -4.375958
1.082744 1.089609 -4.375958
1.082744 1.089568 -4.375958
1.082744 1.089522 -4.375959
1.082744 1.089478 -4.375959
1.082744 1.089426 -4.375959
1.082744 1.089383 -4.375959
1.082744 1.089337 -4.375960
1.082744 1.089290 -4.375960
1.082744 1.089243 -4.375960
1.082744 1.089199 -4.375960
1.082744 1.089154 -4.375961
1.082744 1.089106 -4.375961
1.082744 1.089061 -4.375961
1.082744 1.089016 -4.375961
1.082744 1.088966 -4.375961
1.082744 1.088919 -4.375962
1.082744 1.088876 -4.375962
1.082744 1.088839 -4.375962
1.082744 1.088794 -4.375962
1.082744 1.088757 -4.375962
1.082744 1.088713 -4.375963
1.082744 1.088670 -4.375963
1.082744 1.088631 -4.375963
1.082744 1.088589 -4.375963
1.082744 1.088549 -4.375963
1.082744 1.088506 -4.375964
1.082744 1.088466 -4.375964
1.082744 1.088427 -4.375964
1.082744 1.088385 -4.375964
1.082744 1.088346 -4.375964
1.082744 1.088306 -4.375964
1.082744 1.088270 -4.375965
1.082744 1.088233 -4.375965
1.082744 1.088197 -4.375965
1.082744 1.088157 -4.375965
1.082744 1.088121 -4.375965
1.082744 1.088083 -4.375965
1.082744 1.088044 -4.375966
1.082744 1.088006 -4.375966
1.082744 1.087966 -4.375966
1.082744 1.087934 -4.375966
1.082744 1.087892 -4.375966
1.082744 1.087853 -4.375966
1.082744 1.087821 -4.375966
1.082744 1.087788 -4.375967
1.082744 1.087753 -4.375967
1.082744 1.087719 -4.375967
1.082744 1.087685 -4.375967
1.082744 1.087654 -4.375967
1.082744 1.087623 -4.375967
1.082744 1.087582 -4.375967
1.082744 1.087548 -4.375967
1.082744 1.087513 -4.375968
1.082744 1.087482 -4.375968
1.082744 1.087451 -4.375968
1.082744 1.087419 -4.375968
1.082744 1.087389 -4.375968
1.082744 1.087354 -4.375968
1.082744 1.087323 -4.375968
1.082744 1.087291 -4.375968
1.082744 1.087260 -4.375968
1.082744 1.087232 -4.375969
1.082744 1.087201 -4.375969
1.082744 1.087169 -4.375969
1.082744 1.087138 -4.375969
1.082744 1.087112 -4.375969
1.082744 1.087082 -4.375969
1.082744 1.087055 -4.375969
1.082744 1.087025 -4.375969
1.082744 1.086998 -4.375969
1.082744 1.086967 -4.375969
1.082744 1.086935 -4.375970
1.082744 1.086911 -4.375970
1.082744 1.086886 -4.375970
1.082744 1.086859 -4.375970
1.082744 1.086831 -4.375970
1.082744 1.086805 -4.375970
1.082744 1.086776 -4.375970
1.082744 1.086747 -4.375970
1.082744 1.086720 -4.375970
1.082744 1.086692 -4.375970
1.082744 1.086666 -4.375970
1.082744 1.086642 -4.375970
1.082744 1.086617 -4.375971
1.082744 1.086593 -4.375971
1.082744 1.086568 -4.375971
1.082744 1.086542 -4.375971
1.082744 1.086515 -4.375971
1.082744 1.086492 -4.375971
1.082744 1.086464 -4.375971
1.082744 1.086440 -4.375971
1.082744 1.086413 -4.375971
1.082744 1.086385 -4.375971
1.082744 1.086360 -4.375971
1.082744 1.086335 -4.375971
1.082744 1.086310 -4.375971
1.082744 1.086285 -4.375972
1.082744 1.086260 -4.375972
1.082744 1.086237 -4.375972
1.082744 1.086215 -4.375972
1.082744 1.086190 -4.375972
1.082744 1.086166 -4.375972
1.082744 1.086145 -4.375972
1.082744 1.086121 -4.375972
1.082744 1.086101 -4.375972
1.082744 1.086079 -4.375972
1.082744 1.086056 -4.375972
1.082744 1.086036 -4.375972
1.082744 1.086014 -4.375972
1.082744 1.085994 -4.375972
1.082744 1.085967 -4.375972
1.082744 1.085944 -4.375972
1.082744 1.085923 -4.375973
1.082744 1.085898 -4.375973
1.082744 1.085878 -4.375973
1.082744 1.085859 -4.375973
1.082744 1.085838 -4.375973
1.082744 1.085815 -4.375973
1.082744 1.085796 -4.375973
1.082744 1.085773 -4.375973
1.082744 1.085754 -4.375973
1.082744 1.085733 -4.375973
1.082744 1.085714 -4.375973
1.082744 1.085695 -4.375973
1.082744 1.085675 -4.375973
1.082744 1.085657 -4.375973
1.082744 1.085637 -4.375973
1.082744 1.085619 -4.375973
1.082744 1.085600 -4.375973
1.082744 1.085583 -4.375973
1.082744 1.085563 -4.375973
1.082744 1.085546 -4.375973
1.082744 1.085526 -4.375973
1.082744 1.085507 -4.375973
1.082744 1.085488 -4.375974
1.082744 1.085471 -4.375974
1.082744 1.085452 -4.375974
1.082744 1.085434 -4.375974
1.082744 1.085417 -4.375974
1.082744 1.085400 -4.375974
1.082744 1.085383 -4.375974
1.082744 1.085365 -4.375974
1.082744 1.085347 -4.375974
1.082744 1.085328 -4.375974
1.082744 1.085310 -4.375974
1.082744 1.085290 -4.375974
1.082744 1.085274 -4.375974
1.082744 1.085259 -4.375974
1.082744 1.085243 -4.375974
1.082744 1.085228 -4.375974
1.082744 1.085209 -4.375974
1.082744 1.085190 -4.375974
1.082744 1.085175 -4.375974
1.082744 1.085159 -4.375974
1.082744 1.085144 -4.375974
1.082744 1.085127 -4.375974
1.082744 1.085111 -4.375974
1.082744 1.085093 -4.375974
1.082744 1.085078 -4.375974
1.082744 1.085065 -4.375974
1.082744 1.085050 -4.375974
1.082744 1.085034 -4.375974
1.082744 1.085021 -4.375974
1.082744 1.085006 -4.375975
1.082744 1.084992 -4.375975
1.082744 1.084977 -4.375975
1.082744 1.084960 -4.375975
1.082744 1.084943 -4.375975
1.082744 1.084929 -4.375975
1.082744 1.084916 -4.375975
1.082744 1.084903 -4.375975
1.082744 1.084888 -4.375975
1.082744 1.084873 -4.375975
1.082744 1.084859 -4.375975
1.082744 1.084848 -4.375975
1.082744 1.084836 -4.375975
1.082744 1.084823 -4.375975
1.082744 1.084809 -4.375975
1.082744 1.084796 -4.375975
1.082744 1.084783 -4.375975
1.082744 1.084771 -4.375975
1.082744 1.084760 -4.375975
1.082744 1.084745 -4.375975
1.082744 1.084731 -4.375975
1.082744 1.084716 -4.375975
1.082744 1.084704 -4.375975
1.082744 1.084691 -4.375975
1.082744 1.084679 -4.375975
1.082744 1.084666 -4.375975
1.082744 1.084652 -4.375975
1.082744 1.084641 -4.375975
1.082744 1.084631 -4.375975
1.082744 1.084619 -4.375975
1.082744 1.084604 -4.375975
1.082744 1.084591 -4.375975
1.082744 1.084577 -4.375975
1.082744 1.084566 -4.375975
1.082744 1.084551 -4.375975
1.082744 1.084539 -4.375975
1.082744 1.084526 -4.375975
1.082744 1.084516 -4.375975
1.082744 1.084505 -4.375975
1.082744 1.084494 -4.375975
1.082744 1.084481 -4.375975
1.082744 1.084472 -4.375975
1.082744 1.084460 -4.375975
1.082744 1.084448 -4.375975
1.082744 1.084436 -4.375975
1.082744 1.084424 -4.375975
1.082744 1.084414 -4.375975
1.082744 1.084404 -4.375975
1.082744 1.084393 -4.375976
1.082744 1.084383 -4.375976
1.082744 1.084372 -4.375976
1.082744 1.084363 -4.375976
1.082744 1.084353 -4.375976
1.082744 1.084342 -4.375976
1.082744 1.084332 -4.375976
1.082744 1.084322 -4.375976
1.082744 1.084311 -4.375976
1.082744 1.084300 -4.375976
1.082744 1.084289 -4.375976
1.082744 1.084279 -4.375976
1.082744 1.084268 -4.375976
1.082744 1.084259 -4.375976
1.082744 1.084248 -4.375976
1.082744 1.084239 -4.375976
1.082744 1.084229 -4.375976
1.082744 1.084218 -4.375976
1.082744 1.084208 -4.375976
1.082744 1.084198 -4.375976
1.082744 1.084189 -4.375976
1.082744 1.084181 -4.375976
1.082744 1.084172 -4.375976
1.082744 1.084163 -4.375976
1.082744 1.084154 -4.375976
1.082744 1.084145 -4.375976
1.082744 1.084135 -4.375976
1.082744 1.084126 -4.375976
1.082744 1.084116 -4.375976
1.082744 1.084108 -4.375976
1.082744 1.084100 -4.375976
1.082744 1.084091 -4.375976
1.082744 1.084082 -4.375976
1.082744 1.084074 -4.375976
1.082744 1.084066 -4.375976
1.082744 1.084057 -4.375976
1.082744 1.084048 -4.375976
1.082744 1.084040 -4.375976
1.082744 1.084032 -4.375976
1.082744 1.084022 -4.375976
1.082744 1.084013 -4.375976
1.082744 1.084004 -4.375976
1.082744 1.083995 -4.375976
1.082744 1.083986 -4.375976
1.082744 1.083978 -4.375976
1.082744 1.083971 -4.375976
1.082744 1.083962 -4.375976
1.082744 1.083952 -4.375976
1.082744 1.083944 -4.375976
1.082744 1.083937 -4.375976
1.082744 1.083928 -4.375976
1.082744 1.083921 -4.375976
1.082744 1.083915 -4.375976
1.082744 1.083906 -4.375976
1.082744 1.083898 -4.375976
1.082744 1.083891 -4.375976
1.082744 1.083885 -4.375976
1.082744 1.083877 -4.375976
1.082744 1.083870 -4.375976
1.082744 1.083863 -4.375976
1.082744 1.083856 -4.375976
1.082744 1.083849 -4.375976
1.082744 1.083842 -4.375976
1.082744 1.083835 -4.375976
1.082744 1.083828 -4.375976
1.082744 1.083822 -4.375976
1.082744 1.083815 -4.375976
1.082744 1.083809 -4.375976
1.082744 1.083802 -4.375976
1.082744 1.083795 -4.375976
1.082744 1.083787 -4.375976
1.082744 1.083781 -4.375976
1.082744 1.083773 -4.375976
1.082744 1.083766 -4.375976
1.082744 1.083760 -4.375976
1.082744 1.083753 -4.375976
1.082744 1.083746 -4.375976
1.082744 1.083739 -4.375976
1.082744 1.083732 -4.375976
1.082744 1.083726 -4.375976
1.082744 1.083720 -4.375976
1.082744 1.083713 -4.375976
1.082744 1.083708 -4.375976
1.082744 1.083703 -4.375976
1.082744 1.083697 -4.375976
1.082744 1.083692 -4.375976
1.082744 1.083685 -4.375976
1.082744 1.083678 -4.375976
1.082744 1.083672 -4.375976
1.082744 1.083667 -4.375976
1.082744 1.083661 -4.375976
1.082744 1.083655 -4.375976
1.082744 1.083650 -4.375976
1.082744 1.083644 -4.375976
1.082744 1.083638 -4.375976
1.082744 1.083633 -4.375976
1.082744 1.083627 -4.375976
1.082744 1.083621 -4.375976
1.082744 1.083616 -4.375976
1.082744 1.083610 -4.375976
1.082744 1.083605 -4.375976
1.082744 1.083598 -4.375976
1.082744 1.083593 -4.375976
1.082744 1.083587 -4.375976
1.082744 1.083582 -4.375976
1.082744 1.083577 -4.375976
1.082744 1.083572 -4.375976
1.082744 1.083566 -4.375976
1.082744 1.083561 -4.375976
1.082744 1.083556 -4.375976
1.082744 1.083551 -4.375976
1.082744 1.083546 -4.375976
1.082744 1.083540 -4.375976
1.082744 1.083534 -4.375976
1.082744 1.083529 -4.375976
1.082744 1.083524 -4.375976
1.082744 1.083519 -4.375976
1.082744 1.083513 -4.375976
1.082744 1.083509 -4.375976
1.082744 1.083504 -4.375976
1.082744 1.083500 -4.375976
1.082744 1.083494 -4.375976
1.082744 1.083489 -4.375976
1.082744 1.083483 -4.375976
1.082744 1.083479 -4.375976
1.082744 1.083475 -4.375976
1.082744 1.083470 -4.375976
1.082744 1.083466 -4.375976
1.082744 1.083461 -4.375976
1.082744 1.083456 -4.375976
1.082744 1.083452 -4.375976
1.082744 1.083447 -4.375976
1.082744 1.083442 -4.375976
1.082744 1.083437 -4.375976
1.082744 1.083432 -4.375976
1.082744 1.083427 -4.375976
1.082744 1.083423 -4.375976
1.082744 1.083418 -4.375976
1.082744 1.083414 -4.375976
1.082744 1.083410 -4.375976
1.082744 1.083405 -4.375976
1.082744 1.083401 -4.375976
1.082744 1.083397 -4.375976
1.082744 1.083392 -4.375976
1.082744 1.083388 -4.375976
1.082744 1.083384 -4.375976
1.082744 1.083379 -4.375976
1.082744 1.083375 -4.375977
1.082744 1.083371 -4.375977
1.082744 1.083366 -4.375977
1.082744 1.083362 -4.375977
1.082744 1.083358 -4.375977
1.082744 1.083354 -4.375977
1.082744 1.083350 -4.375977
1.082744 1.083346 -4.375977
1.082744 1.083342 -4.375977
1.082744 1.083338 -4.375977
1.082744 1.083334 -4.375977
1.082744 1.083330 -4.375977
1.082744 1.083327 -4.375977
1.082744 1.083323 -4.375977
1.082744 1.083319 -4.375977
1.082744 1.083315 -4.375977
1.082744 1.083312 -4.375977
1.082744 1.083309 -4.375977
1.082744 1.083305 -4.375977
1.082744 1.083301 -4.375977
1.082744 1.083298 -4.375977
1.082744 1.083294 -4.375977
1.082744 1.083290 -4.375977
1.082744 1.083287 -4.375977
1.082744 1.083284 -4.375977
1.082744 1.083280 -4.375977
1.082744 1.083276 -4.375977
1.082744 1.083272 -4.375977
1.082744 1.083269 -4.375977
1.082744 1.083266 -4.375977
1.082744 1.083263 -4.375977
1.082744 1.083260 -4.375977
1.082744 1.083256 -4.375977
1.082744 1.083253 -4.375977
1.082744 1.083249 -4.375977
1.082744 1.083246 -4.375977
1.082744 1.083243 -4.375977
1.082744 1.083239 -4.375977
1.082744 1.083236 -4.375977
1.082744 1.083234 -4.375977
1.082744 1.083230 -4.375977
1.082744 1.083227 -4.375977
1.082744 1.083224 -4.375977
1.082744 1.083221 -4.375977
1.082744 1.083218 -4.375977
1.082744 1.083215 -4.375977
1.082744 1.083212 -4.375977
1.082744 1.083210 -4.375977
1.082744 1.083207 -4.375977
1.082744 1.083203 -4.375977
1.082744 1.083200 -4.375977
1.082744 1.083197 -4.375977
1.082744 1.083194 -4.375977
1.082744 1.083191 -4.375977
1.082744 1.083189 -4.375977
1.082744 1.083185 -4.375977
1.082744 1.083183 -4.375977
1.082744 1.083179 -4.375977
1.082744 1.083177 -4.375977
1.082744 1.083174 -4.375977
1.082744 1.083171 -4.375977
1.082744 1.083168 -4.375977
1.082744 1.083166 -4.375977
1.082744 1.083163 -4.375977
1.082744 1.083160 -4.375977
1.082744 1.083157 -4.375977
1.082744 1.083155 -4.375977
1.082744 1.083151 -4.375977
1.082744 1.083149 -4.375977
1.082744 1.083146 -4.375977
1.082744 1.083144 -4.375977
1.082744 1.083141 -4.375977
1.082744 1.083138 -4.375977
1.082744 1.083136 -4.375977
1.082744 1.083134 -4.375977
1.082744 1.083131 -4.375977
1.082744 1.083128 -4.375977
1.082744 1.083126 -4.375977
1.082744 1.083124 -4.375977
1.082744 1.083122 -4.375977
1.082744 1.083119 -4.375977
1.082744 1.083117 -4.375977
1.082744 1.083115 -4.375977
1.082744 1.083113 -4.375977
1.082744 1.083110 -4.375977
1.082744 1.083108 -4.375977
1.082744 1.083105 -4.375977
1.082744 1.083103 -4.375977
1.082744 1.083101 -4.375977
1.082744 1.083099 -4.375977
1.082744 1.083096 -4.375977
1.082744 1.083093 -4.375977
1.082744 1.083091 -4.375977
1.082744 1.083088 -4.375977
1.082744 1.083086 -4.375977
1.082744 1.083084 -4.375977
1.082744 1.083082 -4.375977
1.082744 1.083080 -4.375977
1.082744 1.083078 -4.375977
1.082744 1.083075 -4.375977
1.082744 1.083073 -4.375977
1.082744 1.083071 -4.375977
1.082744 1.083069 -4.375977
1.082744 1.083067 -4.375977
1.082744 1.083065 -4.375977
1.082744 1.083063 -4.375977
1.082744 1.083060 -4.375977
1.082744 1.083058 -4.375977
1.082744 1.083056 -4.375977
1.082744 1.083054 -4.375977
1.082744 1.083052 -4.375977
1.082744 1.083050 -4.375977
1.082744 1.083048 -4.375977
1.082744 1.083046 -4.375977
1.082744 1.083044 -4.375977
1.082744 1.083042 -4.375977
1.082744 1.083040 -4.375977
1.082744 1.083038 -4.375977
1.082744 1.083036 -4.375977
1.082744 1.083035 -4.375977
1.082744 1.083033 -4.375977
1.082744 1.083031 -4.375977
1.082744 1.083030 -4.375977
1.082744 1.083028 -4.375977
1.082744 1.083026 -4.375977
1.082744 1.083024 -4.375977
1.082744 1.083022 -4.375977
1.082744 1.083020 -4.375977
1.082744 1.083018 -4.375977
1.082744 1.083016 -4.375977
1.082744 1.083015 -4.375977
1.082744 1.083013 -4.375977
1.082744 1.083011 -4.375977
1.082744 1.083009 -4.375977
1.082744 1.083008 -4.375977
1.082744 1.083006 -4.375977
1.082744 1.083004 -4.375977
1.082744 1.083002 -4.375977
1.082744 1.083001 -4.375977
1.082744 1.082999 -4.375977
1.082744 1.082997 -4.375977
1.082744 1.082995 -4.375977
1.082744 1.082994 -4.375977
1.082744 1.082992 -4.375977
1.082744 1.082990 -4.375977
1.082744 1.082989 -4.375977
1.082744 1.082987 -4.375977
1.082744 1.082986 -4.375977
1.082744 1.082984 -4.375977
1.082744 1.082982 -4.375977
1.082744 1.082981 -4.375977
1.082744 1.082980 -4.375977
1.082744 1.082978 -4.375977
1.082744 1.082977 -4.375977
1.082744 1.082975 -4.375977
1.082744 1.082974 -4.375977
1.082744 1.082972 -4.375977
1.082744 1.082971 -4.375977
1.082744 1.082969 -4.375977
1.082744 1.082967 -4.375977
1.082744 1.082966 -4.375977
1.082744 1.082965 -4.375977
1.082744 1.082963 -4.375977
1.082744 1.082962 -4.375977
1.082744 1.082960 -4.375977
1.082744 1.082959 -4.375977
1.082744 1.082958 -4.375977
1.082744 1.082956 -4.375977
1.082744 1.082955 -4.375977
1.082744 1.082953 -4.375977
1.082744 1.082952 -4.375977
1.082744 1.082951 -4.375977
1.082744 1.082949 -4.375977
1.082744 1.082948 -4.375977
1.082744 1.082947 -4.375977
1.082744 1.082946 -4.375977
1.082744 1.082944 -4.375977
1.082744 1.082943 -4.375977
1.082744 1.082941 -4.375977
1.082744 1.082940 -4.375977
1.082744 1.082938 -4.375977
1.082744 1.082937 -4.375977
