1.330884 1.994842 -4.590543
1.330884 1.975876 -4.595706
1.330884 1.957025 -4.600640
1.330884 1.939341 -4.605182
1.330884 1.922439 -4.609352
1.330884 1.905164 -4.613603
1.330884 1.889643 -4.617240
1.330884 1.874597 -4.620670
1.330884 1.860156 -4.623829
1.330884 1.845485 -4.627028
1.330884 1.831336 -4.629993
1.330884 1.817255 -4.632892
1.330884 1.803426 -4.635669
1.330884 1.790299 -4.638252
1.330884 1.776782 -4.640830
1.330884 1.763849 -4.643227
1.330884 1.751568 -4.645432
1.330884 1.739691 -4.647501
1.330884 1.727813 -4.649530
1.330884 1.716607 -4.651378
1.330884 1.705984 -4.653107
1.330884 1.695745 -4.654716
1.330884 1.685607 -4.656273
1.330884 1.676126 -4.657678
1.330884 1.666527 -4.659103
1.330884 1.656901 -4.660493
1.330884 1.647829 -4.661756
1.330884 1.639560 -4.662867
1.330884 1.631105 -4.663990
1.330884 1.622806 -4.665066
1.330884 1.614558 -4.666116
1.330884 1.606741 -4.667084
1.330884 1.599626 -4.667917
1.330884 1.592104 -4.668801
1.330884 1.584778 -4.669642
1.330884 1.577977 -4.670402
1.330884 1.570968 -4.671173
1.330884 1.564635 -4.671844
1.330884 1.557964 -4.672538
1.330884 1.551803 -4.673166
1.330884 1.545605 -4.673777
1.330884 1.539879 -4.674327
1.330884 1.533825 -4.674913
1.330884 1.528293 -4.675421
1.330884 1.523006 -4.675895
1.330884 1.517662 -4.676366
1.330884 1.512313 -4.676833
1.330884 1.507162 -4.677264
1.330884 1.502309 -4.677656
1.330884 1.497665 -4.678023
1.330884 1.493083 -4.678377
1.330884 1.488630 -4.678713
1.330884 1.484231 -4.679042
1.330884 1.479691 -4.679378
1.330884 1.475549 -4.679674
1.330884 1.471679 -4.679936
1.330884 1.467925 -4.680182
1.330884 1.464220 -4.680421
1.330884 1.460697 -4.680642
1.330884 1.457214 -4.680859
1.330884 1.453729 -4.681069
1.330884 1.450506 -4.681258
1.330884 1.447145 -4.681455
1.330884 1.443887 -4.681644
1.330884 1.440803 -4.681818
1.330884 1.437865 -4.681972
1.330884 1.435092 -4.682118
1.330884 1.432279 -4.682259
1.330884 1.429600 -4.682392
1.330884 1.427008 -4.682522
1.330884 1.424460 -4.682643
1.330884 1.421871 -4.682762
1.330884 1.419407 -4.682874
1.330884 1.416873 -4.682987
1.330884 1.414657 -4.683081
1.330884 1.412404 -4.683175
1.330884 1.410217 -4.683266
1.330884 1.408222 -4.683345
1.330884 1.406174 -4.683424
1.330884 1.404101 -4.683507
1.330884 1.402129 -4.683581
1.330884 1.400265 -4.683650
1.330884 1.398500 -4.683711
1.330884 1.396618 -4.683776
1.330884 1.394878 -4.683836
1.330884 1.393218 -4.683890
1.330884 1.391582 -4.683943
1.330884 1.390006 -4.683992
1.330884 1.388351 -4.684044
1.330884 1.386754 -4.684093
1.330884 1.385328 -4.684134
1.330884 1.383811 -4.684180
1.330884 1.382377 -4.684220
1.330884 1.381010 -4.684257
1.330884 1.379653 -4.684294
1.330884 1.378383 -4.684328
1.330884 1.377044 -4.684363
1.330884 1.375800 -4.684395
1.330884 1.374523 -4.684427
1.330884 1.373342 -4.684455
1.330884 1.372178 -4.684482
1.330884 1.371076 -4.684507
1.330884 1.370035 -4.684531
1.330884 1.368958 -4.684554
1.330884 1.367930 -4.684575
1.330884 1.366967 -4.684596
1.330884 1.366060 -4.684614
1.330884 1.365197 -4.684630
1.330884 1.364298 -4.684647
1.330884 1.363414 -4.684664
1.330884 1.362471 -4.684682
1.330884 1.361636 -4.684697
1.330884 1.360802 -4.684711
1.330884 1.359990 -4.684725
1.330884 1.359195 -4.684739
1.330884 1.358420 -4.684752
1.330884 1.357682 -4.684763
1.330884 1.357005 -4.684774
1.330884 1.356279 -4.684785
1.330884 1.355601 -4.684795
1.330884 1.354924 -4.684805
1.330884 1.354273 -4.684814
1.330884 1.353670 -4.684822
1.330884 1.353090 -4.684830
1.330884 1.352465 -4.684839
1.330884 1.351899 -4.684846
1.330884 1.351349 -4.684853
1.330884 1.350796 -4.684860
1.330884 1.350279 -4.684866
1.330884 1.349762 -4.684872
1.330884 1.349258 -4.684878
1.330884 1.348792 -4.684883
1.330884 1.348307 -4.684888
1.330884 1.347839 -4.684893
1.330884 1.347395 -4.684898
1.330884 1.346937 -4.684903
1.330884 1.346533 -4.684907
1.330884 1.346106 -4.684911
1.330884 1.345706 -4.684915
1.330884 1.345298 -4.684918
1.330884 1.344927 -4.684922
1.330884 1.344578 -4.684925
1.330884 1.344218 -4.684928
1.330884 1.343864 -4.684931
1.330884 1.343530 -4.684934
1.330884 1.343203 -4.684936
1.330884 1.342878 -4.684939
1.330884 1.342555 -4.684942
1.330884 1.342258 -4.684944
1.330884 1.341963 -4.684946
1.330884 1.341661 -4.684948
1.330884 1.341372 -4.684950
1.330884 1.341086 -4.684952
1.330884 1.340816 -4.684954
1.330884 1.340561 -4.684956
1.330884 1.340288 -4.684958
1.330884 1.340041 -4.684959
1.330884 1.339813 -4.684961
1.330884 1.339570 -4.684962
1.330884 1.339350 -4.684964
1.330884 1.339124 -4.684965
1.330884 1.338916 -4.684966
1.330884 1.338704 -4.684967
1.330884 1.338487 -4.684968
1.330884 1.338285 -4.684970
1.330884 1.338093 -4.684970
1.330884 1.337903 -4.684971
1.330884 1.337721 -4.684972
1.330884 1.337547 -4.684973
1.330884 1.337373 -4.684974
1.330884 1.337202 -4.684975
1.330884 1.337031 -4.684976
1.330884 1.336875 -4.684976
1.330884 1.336717 -4.684977
1.330884 1.336561 -4.684978
1.330884 1.336413 -4.684978
1.330884 1.336260 -4.684979
1.330884 1.336122 -4.684979
1.330884 1.335980 -4.684980
1.330884 1.335853 -4.684980
1.330884 1.335725 -4.684981
1.330884 1.335593 -4.684981
1.330884 1.335468 -4.684982
1.330884 1.335343 -4.684982
1.330884 1.335222 -4.684983
1.330884 1.335103 -4.684983
1.330884 1.334993 -4.684983
1.330884 1.334888 -4.684984
1.330884 1.334788 -4.684984
1.330884 1.334677 -4.684984
1.330884 1.334582 -4.684985
1.330884 1.334481 -4.684985
1.330884 1.334386 -4.684985
1.330884 1.334292 -4.684985
1.330884 1.334206 -4.684986
1.330884 1.334116 -4.684986
1.330884 1.334033 -4.684986
1.330884 1.333950 -4.684986
1.330884 1.333869 -4.684987
1.330884 1.333793 -4.684987
1.330884 1.333720 -4.684987
1.330884 1.333645 -4.684987
1.330884 1.333573 -4.684987
1.330884 1.333500 -4.684987
1.330884 1.333433 -4.684988
1.330884 1.333366 -4.684988
1.330884 1.333307 -4.684988
1.330884 1.333244 -4.684988
1.330884 1.333181 -4.684988
1.330884 1.333125 -4.684988
1.330884 1.333068 -4.684988
1.330884 1.333014 -4.684988
1.330884 1.332959 -4.684989
1.330884 1.332906 -4.684989
1.330884 1.332856 -4.684989
1.330884 1.332805 -4.684989
1.330884 1.332754 -4.684989
1.330884 1.332705 -4.684989
1.330884 1.332659 -4.684989
1.330884 1.332615 -4.684989
1.330884 1.332571 -4.684989
1.330884 1.332528 -4.684989
1.330884 1.332486 -4.684989
1.330884 1.332447 -4.684989
1.330884 1.332405 -4.684989
1.330884 1.332366 -4.684990
1.330884 1.332329 -4.684990
1.330884 1.332291 -4.684990
1.330884 1.332257 -4.684990
1.330884 1.332224 -4.684990
1.330884 1.332188 -4.684990
1.330884 1.332152 -4.684990
1.330884 1.332120 -4.684990
1.330884 1.332088 -4.684990
1.330884 1.332055 -4.684990
1.330884 1.332024 -4.684990
1.330884 1.331992 -4.684990
1.330884 1.331962 -4.684990
1.330884 1.331936 -4.684990
1.330884 1.331909 -4.684990
1.330884 1.331884 -4.684990
1.330884 1.331858 -4.684990
1.330884 1.331834 -4.684990
1.330884 1.331810 -4.684990
1.330884 1.331787 -4.684990
1.330884 1.331765 -4.684990
1.330884 1.331743 -4.684990
1.330884 1.331719 -4.684990
1.330884 1.331698 -4.684990
1.330884 1.331676 -4.684990
1.330884 1.331656 -4.684990
1.330884 1.331636 -4.684990
1.330884 1.331616 -4.684990
1.330884 1.331596 -4.684990
1.330884 1.331578 -4.684990
1.330884 1.331559 -4.684990
1.330884 1.331541 -4.684990
1.330884 1.331523 -4.684990
1.330884 1.331507 -4.684990
1.330884 1.331490 -4.684990
1.330884 1.331474 -4.684990
1.330884 1.331459 -4.684991
1.330884 1.331444 -4.684991
1.330884 1.331429 -4.684991
1.330884 1.331415 -4.684991
1.330884 1.331401 -4.684991
1.330884 1.331388 -4.684991
1.330884 1.331375 -4.684991
1.330884 1.331363 -4.684991
1.330884 1.331351 -4.684991
1.330884 1.331339 -4.684991
1.330884 1.331327 -4.684991
1.330884 1.331315 -4.684991
1.330884 1.331304 -4.684991
1.330884 1.331293 -4.684991
1.330884 1.331282 -4.684991
1.330884 1.331272 -4.684991
1.330884 1.331261 -4.684991
1.330884 1.331251 -4.684991
1.330884 1.331242 -4.684991
1.330884 1.331233 -4.684991
1.330884 1.331224 -4.684991
1.330884 1.331216 -4.684991
1.330884 1.331207 -4.684991
1.330884 1.331198 -4.684991
1.330884 1.331190 -4.684991
1.330884 1.331183 -4.684991
1.330884 1.331176 -4.684991
1.330884 1.331168 -4.684991
1.330884 1.331161 -4.684991
1.330884 1.331153 -4.684991
1.330884 1.331146 -4.684991
1.330884 1.331139 -4.684991
1.330884 1.331132 -4.684991
1.330884 1.331126 -4.684991
1.330884 1.331121 -4.684991
1.330884 1.331115 -4.684991
1.330884 1.331109 -4.684991
1.330884 1.331103 -4.684991
1.330884 1.331097 -4.684991
1.330884 1.331092 -4.684991
1.330884 1.331086 -4.684991
1.330884 1.331081 -4.684991
1.330884 1.331076 -4.684991
1.330884 1.331071 -4.684991
1.330884 1.331066 -4.684991
1.330884 1.331062 -4.684991
1.330884 1.331057 -4.684991
1.330884 1.331053 -4.684991
1.330884 1.331049 -4.684991
1.330884 1.331045 -4.684991
1.330884 1.331040 -4.684991
1.330884 1.331036 -4.684991
1.330884 1.331032 -4.684991
1.330884 1.331028 -4.684991
1.330884 1.331024 -4.684991
1.330884 1.331021 -4.684991
1.330884 1.331017 -4.684991
1.330884 1.331014 -4.684991
1.330884 1.331011 -4.684991
1.330884 1.331007 -4.684991
1.330884 1.331004 -4.684991
1.330884 1.331001 -4.684991
1.330884 1.330998 -4.684991
1.330884 1.330995 -4.684991
1.330884 1.330992 -4.684991
1.330884 1.330989 -4.684991
1.330884 1.330987 -4.684991
1.330884 1.330984 -4.684991
1.330884 1.330981 -4.684991
1.330884 1.330979 -4.684991
1.330884 1.330977 -4.684991
1.330884 1.330974 -4.684991
1.330884 1.330972 -4.684991
1.330884 1.330969 -4.684991
1.330884 1.330967 -4.684991
1.330884 1.330965 -4.684991
1.330884 1.330963 -4.684991
1.330884 1.330962 -4.684991
1.330884 1.330960 -4.684991
1.330884 1.330958 -4.684991
1.330884 1.330956 -4.684991
1.330884 1.330954 -4.684991
1.330884 1.330952 -4.684991
1.330884 1.330951 -4.684991
1.330884 1.330949 -4.684991
1.330884 1.330948 -4.684991
1.330884 1.330946 -4.684991
1.330884 1.330944 -4.684991
1.330884 1.330943 -4.684991
1.330884 1.330941 -4.684991
1.330884 1.330940 -4.684991
1.330884 1.330938 -4.684991
1.330884 1.330937 -4.684991
1.330884 1.330936 -4.684991
1.330884 1.330934 -4.684991
1.330884 1.330933 -4.684991
1.330884 1.330931 -4.684991
1.330884 1.330930 -4.684991
1.330884 1.330929 -4.684991
1.330884 1.330928 -4.684991
1.330884 1.330927 -4.684991
1.330884 1.330926 -4.684991
1.330884 1.330925 -4.684991
1.330884 1.330924 -4.684991
1.330884 1.330923 -4.684991
1.330884 1.330922 -4.684991
1.330884 1.330921 -4.684991
1.330884 1.330920 -4.684991
1.330884 1.330919 -4.684991
1.330884 1.330918 -4.684991
1.330884 1.330917 -4.684991
1.330884 1.330916 -4.684991
1.330884 1.330916 -4.684991
1.330884 1.330915 -4.684991
1.330884 1.330914 -4.684991
1.330884 1.330913 -4.684991
1.330884 1.330912 -4.684991
1.330884 1.330912 -4.684991
1.330884 1.330911 -4.684991
1.330884 1.330910 -4.684991
1.330884 1.330909 -4.684991
1.330884 1.330909 -4.684991
1.330884 1.330908 -4.684991
1.330884 1.330908 -4.684991
1.330884 1.330907 -4.684991
1.330884 1.330906 -4.684991
1.330884 1.330906 -4.684991
1.330884 1.330905 -4.684991
1.330884 1.330905 -4.684991
1.330884 1.330904 -4.684991
1.330884 1.330904 -4.684991
1.330884 1.330903 -4.684991
1.330884 1.330903 -4.684991
1.330884 1.330902 -4.684991
1.330884 1.330902 -4.684991
1.330884 1.330901 -4.684991
1.330884 1.330901 -4.684991
1.330884 1.330900 -4.684991
1.330884 1.330900 -4.684991
1.330884 1.330900 -4.684991
1.330884 1.330899 -4.684991
1.330884 1.330899 -4.684991
1.330884 1.330898 -4.684991
1.330884 1.330898 -4.684991
1.330884 1.330898 -4.684991
1.330884 1.330897 -4.684991
1.330884 1.330897 -4.684991
1.330884 1.330897 -4.684991
1.330884 1.330896 -4.684991
1.330884 1.330896 -4.684991
1.330884 1.330896 -4.684991
1.330884 1.330895 -4.684991
1.330884 1.330895 -4.684991
1.330884 1.330895 -4.684991
1.330884 1.330895 -4.684991
1.330884 1.330894 -4.684991
1.330884 1.330894 -4.684991
1.330884 1.330894 -4.684991
1.330884 1.330894 -4.684991
1.330884 1.330893 -4.684991
1.330884 1.330893 -4.684991
1.330884 1.330893 -4.684991
1.330884 1.330893 -4.684991
1.330884 1.330892 -4.684991
1.330884 1.330892 -4.684991
1.330884 1.330892 -4.684991
1.330884 1.330892 -4.684991
1.330884 1.330892 -4.684991
1.330884 1.330891 -4.684991
1.330884 1.330891 -4.684991
1.330884 1.330891 -4.684991
1.330884 1.330891 -4.684991
1.330884 1.330891 -4.684991
1.330884 1.330891 -4.684991
1.330884 1.330890 -4.684991
1.330884 1.330890 -4.684991
1.330884 1.330890 -4.684991
1.330884 1.330890 -4.684991
1.330884 1.330890 -4.684991
