1.739569 3.225089 -4.772717
1.739569 3.211886 -4.778313
1.739569 3.199342 -4.783517
1.739569 3.186662 -4.788658
1.739569 3.173319 -4.794097
1.739569 3.160114 -4.799369
1.739569 3.148200 -4.804027
1.739569 3.136373 -4.808602
1.739569 3.123811 -4.813505
1.739569 3.111474 -4.818302
1.739569 3.099318 -4.822828
1.739569 3.086661 -4.827594
1.739569 3.075702 -4.831594
1.739569 3.064595 -4.835499
1.739569 3.053153 -4.839691
1.739569 3.042577 -4.843395
1.739569 3.030724 -4.847534
1.739569 3.019330 -4.851438
1.739569 3.007685 -4.855483
1.739569 2.997282 -4.859009
1.739569 2.987042 -4.862431
1.739569 2.976013 -4.866187
1.739569 2.965088 -4.869834
1.739569 2.952845 -4.873909
1.739569 2.942158 -4.877330
1.739569 2.931933 -4.880629
1.739569 2.921980 -4.883756
1.739569 2.911277 -4.887165
1.739569 2.901551 -4.890182
1.739569 2.891010 -4.893483
1.739569 2.880352 -4.896824
1.739569 2.871698 -4.899390
1.739569 2.861672 -4.902397
1.739569 2.852112 -4.905251
1.739569 2.842845 -4.907924
1.739569 2.832794 -4.910912
1.739569 2.823604 -4.913635
1.739569 2.814337 -4.916349
1.739569 2.805024 -4.918975
1.739569 2.796542 -4.921425
1.739569 2.788077 -4.923785
1.739569 2.778956 -4.926306
1.739569 2.770127 -4.928734
1.739569 2.760621 -4.931392
1.739569 2.751792 -4.933800
1.739569 2.742943 -4.936192
1.739569 2.733726 -4.938667
1.739569 2.724611 -4.941043
1.739569 2.715904 -4.943311
1.739569 2.707194 -4.945582
1.739569 2.698752 -4.947802
1.739569 2.691530 -4.949639
1.739569 2.683382 -4.951741
1.739569 2.676035 -4.953540
1.739569 2.667802 -4.955610
1.739569 2.659545 -4.957781
1.739569 2.652521 -4.959506
1.739569 2.644335 -4.961527
1.739569 2.636339 -4.963425
1.739569 2.628348 -4.965386
1.739569 2.620852 -4.967208
1.739569 2.613080 -4.969045
1.739569 2.605746 -4.970763
1.739569 2.598402 -4.972443
1.739569 2.591441 -4.974072
1.739569 2.583791 -4.975900
1.739569 2.576801 -4.977510
1.739569 2.569387 -4.979181
1.739569 2.562156 -4.980816
1.739569 2.555657 -4.982256
1.739569 2.549061 -4.983690
1.739569 2.541669 -4.985355
1.739569 2.534934 -4.986816
1.739569 2.528039 -4.988329
1.739569 2.521643 -4.989700
1.739569 2.515172 -4.991102
1.739569 2.509095 -4.992419
1.739569 2.502019 -4.993940
1.739569 2.495619 -4.995310
1.739569 2.488639 -4.996802
1.739569 2.482212 -4.998162
1.739569 2.476241 -4.999393
1.739569 2.470265 -5.000616
1.739569 2.464439 -5.001845
1.739569 2.458274 -5.003116
1.739569 2.451702 -5.004466
1.739569 2.445510 -5.005719
1.739569 2.439695 -5.006864
1.739569 2.433700 -5.008056
1.739569 2.428096 -5.009120
1.739569 2.422074 -5.010340
1.739569 2.416362 -5.011429
1.739569 2.410633 -5.012528
1.739569 2.405036 -5.013569
1.739569 2.399848 -5.014559
1.739569 2.393635 -5.015745
1.739569 2.387777 -5.016833
1.739569 2.382432 -5.017807
1.739569 2.377188 -5.018771
1.739569 2.372112 -5.019705
1.739569 2.366512 -5.020724
1.739569 2.361550 -5.021603
1.739569 2.356080 -5.022620
1.739569 2.350962 -5.023522
1.739569 2.345721 -5.024460
1.739569 2.340491 -5.025386
1.739569 2.335492 -5.026272
1.739569 2.330111 -5.027219
1.739569 2.324827 -5.028132
1.739569 2.319858 -5.028992
1.739569 2.315138 -5.029782
1.739569 2.310530 -5.030549
1.739569 2.305700 -5.031345
1.739569 2.300995 -5.032130
1.739569 2.296352 -5.032902
1.739569 2.291812 -5.033636
1.739569 2.287214 -5.034382
1.739569 2.282258 -5.035198
1.739569 2.277596 -5.035938
1.739569 2.273055 -5.036685
1.739569 2.268372 -5.037417
1.739569 2.263969 -5.038086
1.739569 2.259787 -5.038727
1.739569 2.255320 -5.039430
1.739569 2.250575 -5.040184
1.739569 2.246320 -5.040820
1.739569 2.242056 -5.041463
1.739569 2.237995 -5.042074
1.739569 2.233779 -5.042721
1.739569 2.229992 -5.043275
1.739569 2.226308 -5.043801
1.739569 2.222224 -5.044407
1.739569 2.217938 -5.045042
1.739569 2.213826 -5.045635
1.739569 2.209867 -5.046201
1.739569 2.206178 -5.046729
1.739569 2.202231 -5.047298
1.739569 2.198361 -5.047842
1.739569 2.194618 -5.048362
1.739569 2.190640 -5.048908
1.739569 2.187014 -5.049394
1.739569 2.183321 -5.049895
1.739569 2.179744 -5.050374
1.739569 2.176094 -5.050851
1.739569 2.172420 -5.051339
1.739569 2.169125 -5.051770
1.739569 2.165580 -5.052253
1.739569 2.162134 -5.052696
1.739569 2.158387 -5.053190
1.739569 2.155115 -5.053616
1.739569 2.151502 -5.054090
1.739569 2.147960 -5.054542
1.739569 2.144677 -5.054946
1.739569 2.141389 -5.055353
1.739569 2.137959 -5.055798
1.739569 2.134565 -5.056213
1.739569 2.131040 -5.056651
1.739569 2.127914 -5.057035
1.739569 2.124951 -5.057397
1.739569 2.121665 -5.057801
1.739569 2.118322 -5.058206
1.739569 2.115076 -5.058601
1.739569 2.111988 -5.058954
1.739569 2.109155 -5.059285
1.739569 2.105812 -5.059691
1.739569 2.102837 -5.060028
1.739569 2.099759 -5.060397
1.739569 2.096281 -5.060800
1.739569 2.092943 -5.061191
1.739569 2.090169 -5.061498
1.739569 2.087300 -5.061815
1.739569 2.084462 -5.062132
1.739569 2.081512 -5.062453
1.739569 2.078625 -5.062781
1.739569 2.075870 -5.063085
1.739569 2.072592 -5.063457
1.739569 2.069898 -5.063746
1.739569 2.067219 -5.064030
1.739569 2.064565 -5.064309
1.739569 2.061778 -5.064608
1.739569 2.059185 -5.064886
1.739569 2.056599 -5.065160
1.739569 2.054048 -5.065428
1.739569 2.051139 -5.065724
1.739569 2.048672 -5.065983
1.739569 2.046114 -5.066245
1.739569 2.043720 -5.066486
1.739569 2.041335 -5.066721
1.739569 2.038928 -5.066964
1.739569 2.036351 -5.067217
1.739569 2.033894 -5.067453
1.739569 2.031509 -5.067683
1.739569 2.029242 -5.067901
1.739569 2.026857 -5.068127
1.739569 2.024475 -5.068353
1.739569 2.022113 -5.068570
1.739569 2.019749 -5.068796
1.739569 2.017375 -5.069026
1.739569 2.015084 -5.069233
1.739569 2.012875 -5.069434
1.739569 2.010624 -5.069641
1.739569 2.008440 -5.069839
1.739569 2.006101 -5.070051
1.739569 2.003952 -5.070241
1.739569 2.001745 -5.070438
1.739569 1.999650 -5.070626
1.739569 1.997519 -5.070816
1.739569 1.995208 -5.071012
1.739569 1.992909 -5.071208
1.739569 1.990650 -5.071405
1.739569 1.988669 -5.071572
1.739569 1.986620 -5.071750
1.739569 1.984563 -5.071924
1.739569 1.982693 -5.072079
1.739569 1.980682 -5.072242
1.739569 1.978788 -5.072395
1.739569 1.976901 -5.072550
1.739569 1.975034 -5.072699
1.739569 1.973190 -5.072845
1.739569 1.971189 -5.073008
1.739569 1.969448 -5.073147
1.739569 1.967552 -5.073291
1.739569 1.965711 -5.073436
1.739569 1.963830 -5.073581
1.739569 1.962066 -5.073722
1.739569 1.960212 -5.073867
1.739569 1.958480 -5.074004
1.739569 1.956517 -5.074154
1.739569 1.954754 -5.074286
1.739569 1.953053 -5.074417
1.739569 1.951297 -5.074546
1.739569 1.949537 -5.074679
1.739569 1.947664 -5.074816
1.739569 1.945793 -5.074955
1.739569 1.944039 -5.075080
1.739569 1.942303 -5.075205
1.739569 1.940692 -5.075321
1.739569 1.939032 -5.075435
1.739569 1.937542 -5.075538
1.739569 1.935961 -5.075650
1.739569 1.934223 -5.075772
1.739569 1.932756 -5.075869
1.739569 1.931388 -5.075963
1.739569 1.929858 -5.076068
1.739569 1.928260 -5.076176
1.739569 1.926813 -5.076271
1.739569 1.925287 -5.076373
1.739569 1.923774 -5.076472
1.739569 1.922109 -5.076584
1.739569 1.920655 -5.076679
1.739569 1.919092 -5.076780
1.739569 1.917527 -5.076880
1.739569 1.916045 -5.076975
1.739569 1.914509 -5.077074
1.739569 1.913022 -5.077166
1.739569 1.911604 -5.077256
1.739569 1.910193 -5.077344
1.739569 1.908627 -5.077444
1.739569 1.907315 -5.077525
1.739569 1.905932 -5.077609
1.739569 1.904457 -5.077697
1.739569 1.903102 -5.077776
1.739569 1.901809 -5.077852
1.739569 1.900429 -5.077933
1.739569 1.899132 -5.078009
1.739569 1.897927 -5.078076
1.739569 1.896642 -5.078152
1.739569 1.895385 -5.078223
1.739569 1.894120 -5.078296
1.739569 1.892881 -5.078364
1.739569 1.891553 -5.078439
1.739569 1.890256 -5.078512
1.739569 1.889092 -5.078574
1.739569 1.887725 -5.078649
1.739569 1.886417 -5.078721
1.739569 1.885192 -5.078786
1.739569 1.884030 -5.078847
1.739569 1.882881 -5.078909
1.739569 1.881690 -5.078971
1.739569 1.880548 -5.079032
1.739569 1.879421 -5.079091
1.739569 1.878318 -5.079147
1.739569 1.877137 -5.079209
1.739569 1.876109 -5.079261
1.739569 1.874925 -5.079322
1.739569 1.873846 -5.079376
1.739569 1.872741 -5.079429
1.739569 1.871702 -5.079480
1.739569 1.870561 -5.079538
1.739569 1.869416 -5.079595
1.739569 1.868367 -5.079646
1.739569 1.867422 -5.079691
1.739569 1.866420 -5.079738
1.739569 1.865331 -5.079790
1.739569 1.864287 -5.079839
1.739569 1.863336 -5.079883
1.739569 1.862260 -5.079935
1.739569 1.861185 -5.079986
1.739569 1.860250 -5.080029
1.739569 1.859279 -5.080073
1.739569 1.858239 -5.080121
1.739569 1.857277 -5.080164
1.739569 1.856318 -5.080208
1.739569 1.855377 -5.080249
1.739569 1.854466 -5.080289
1.739569 1.853518 -5.080332
1.739569 1.852617 -5.080372
1.739569 1.851616 -5.080416
1.739569 1.850696 -5.080455
1.739569 1.849829 -5.080492
1.739569 1.849003 -5.080526
1.739569 1.848021 -5.080567
1.739569 1.847152 -5.080604
1.739569 1.846252 -5.080643
1.739569 1.845361 -5.080679
1.739569 1.844471 -5.080715
1.739569 1.843613 -5.080751
1.739569 1.842702 -5.080787
1.739569 1.841866 -5.080821
1.739569 1.841016 -5.080855
1.739569 1.840171 -5.080888
1.739569 1.839282 -5.080923
1.739569 1.838510 -5.080954
1.739569 1.837704 -5.080986
1.739569 1.836885 -5.081019
1.739569 1.836071 -5.081049
1.739569 1.835317 -5.081078
1.739569 1.834485 -5.081109
1.739569 1.833636 -5.081142
1.739569 1.832818 -5.081172
1.739569 1.831998 -5.081202
1.739569 1.831239 -5.081230
1.739569 1.830523 -5.081255
1.739569 1.829786 -5.081282
1.739569 1.829025 -5.081309
1.739569 1.828287 -5.081334
1.739569 1.827548 -5.081361
1.739569 1.826836 -5.081386
1.739569 1.826089 -5.081412
1.739569 1.825427 -5.081434
1.739569 1.824666 -5.081459
1.739569 1.823982 -5.081482
1.739569 1.823320 -5.081504
1.739569 1.822654 -5.081527
1.739569 1.821966 -5.081550
1.739569 1.821291 -5.081573
1.739569 1.820577 -5.081596
1.739569 1.819943 -5.081617
1.739569 1.819310 -5.081637
1.739569 1.818661 -5.081658
1.739569 1.818007 -5.081680
1.739569 1.817407 -5.081699
1.739569 1.816751 -5.081719
1.739569 1.816173 -5.081736
1.739569 1.815512 -5.081758
1.739569 1.814873 -5.081777
1.739569 1.814214 -5.081797
1.739569 1.813614 -5.081815
1.739569 1.812967 -5.081835
1.739569 1.812390 -5.081852
1.739569 1.811757 -5.081872
1.739569 1.811212 -5.081888
1.739569 1.810597 -5.081905
1.739569 1.810016 -5.081923
1.739569 1.809413 -5.081940
1.739569 1.808851 -5.081956
1.739569 1.808255 -5.081973
1.739569 1.807673 -5.081990
1.739569 1.807153 -5.082004
1.739569 1.806581 -5.082021
1.739569 1.806066 -5.082035
1.739569 1.805522 -5.082051
1.739569 1.804992 -5.082065
1.739569 1.804448 -5.082079
1.739569 1.803919 -5.082093
1.739569 1.803406 -5.082107
1.739569 1.802875 -5.082121
1.739569 1.802376 -5.082135
1.739569 1.801842 -5.082149
1.739569 1.801370 -5.082161
1.739569 1.800848 -5.082175
1.739569 1.800335 -5.082189
1.739569 1.799870 -5.082201
1.739569 1.799372 -5.082214
1.739569 1.798916 -5.082225
1.739569 1.798430 -5.082237
1.739569 1.797948 -5.082249
1.739569 1.797479 -5.082260
1.739569 1.796995 -5.082272
1.739569 1.796526 -5.082284
1.739569 1.796016 -5.082296
1.739569 1.795539 -5.082307
1.739569 1.795088 -5.082318
1.739569 1.794623 -5.082328
1.739569 1.794193 -5.082338
1.739569 1.793709 -5.082351
1.739569 1.793267 -5.082361
1.739569 1.792832 -5.082371
1.739569 1.792386 -5.082381
1.739569 1.792007 -5.082390
1.739569 1.791579 -5.082400
1.739569 1.791153 -5.082409
1.739569 1.790755 -5.082418
1.739569 1.790362 -5.082427
1.739569 1.789924 -5.082436
1.739569 1.789519 -5.082445
1.739569 1.789086 -5.082455
1.739569 1.788702 -5.082463
1.739569 1.788291 -5.082472
1.739569 1.787902 -5.082480
1.739569 1.787503 -5.082489
1.739569 1.787130 -5.082496
1.739569 1.786752 -5.082504
1.739569 1.786377 -5.082512
1.739569 1.786038 -5.082519
1.739569 1.785654 -5.082526
1.739569 1.785269 -5.082534
1.739569 1.784921 -5.082541
1.739569 1.784560 -5.082549
1.739569 1.784219 -5.082555
1.739569 1.783885 -5.082562
1.739569 1.783541 -5.082569
1.739569 1.783185 -5.082576
1.739569 1.782851 -5.082582
1.739569 1.782474 -5.082589
1.739569 1.782134 -5.082596
1.739569 1.781780 -5.082602
1.739569 1.781419 -5.082609
1.739569 1.781108 -5.082615
1.739569 1.780755 -5.082622
1.739569 1.780428 -5.082628
1.739569 1.780099 -5.082634
1.739569 1.779748 -5.082640
1.739569 1.779440 -5.082646
1.739569 1.779079 -5.082653
1.739569 1.778772 -5.082658
1.739569 1.778451 -5.082664
1.739569 1.778134 -5.082670
1.739569 1.777836 -5.082675
1.739569 1.777492 -5.082681
1.739569 1.777180 -5.082686
1.739569 1.776877 -5.082691
1.739569 1.776590 -5.082696
1.739569 1.776291 -5.082701
1.739569 1.776005 -5.082706
1.739569 1.775710 -5.082711
1.739569 1.775406 -5.082716
1.739569 1.775089 -5.082721
1.739569 1.774797 -5.082726
1.739569 1.774503 -5.082730
1.739569 1.774221 -5.082735
1.739569 1.773946 -5.082739
1.739569 1.773656 -5.082744
1.739569 1.773398 -5.082748
1.739569 1.773128 -5.082752
1.739569 1.772836 -5.082757
1.739569 1.772564 -5.082761
1.739569 1.772312 -5.082765
1.739569 1.772024 -5.082769
1.739569 1.771745 -5.082774
1.739569 1.771497 -5.082778
1.739569 1.771253 -5.082781
1.739569 1.770999 -5.082785
1.739569 1.770731 -5.082789
1.739569 1.770449 -5.082793
1.739569 1.770213 -5.082797
1.739569 1.769956 -5.082800
1.739569 1.769698 -5.082804
1.739569 1.769438 -5.082808
1.739569 1.769191 -5.082811
1.739569 1.768939 -5.082815
1.739569 1.768683 -5.082818
1.739569 1.768438 -5.082822
1.739569 1.768206 -5.082825
1.739569 1.767953 -5.082829
1.739569 1.767701 -5.082832
1.739569 1.767462 -5.082835
1.739569 1.767240 -5.082838
1.739569 1.767008 -5.082841
1.739569 1.766807 -5.082844
1.739569 1.766572 -5.082847
1.739569 1.766354 -5.082850
1.739569 1.766137 -5.082853
1.739569 1.765915 -5.082856
1.739569 1.765711 -5.082858
1.739569 1.765487 -5.082861
1.739569 1.765269 -5.082864
1.739569 1.765061 -5.082867
1.739569 1.764845 -5.082869
1.739569 1.764634 -5.082872
1.739569 1.764423 -5.082875
1.739569 1.764228 -5.082877
1.739569 1.764035 -5.082879
1.739569 1.763841 -5.082882
1.739569 1.763634 -5.082884
1.739569 1.763442 -5.082887
1.739569 1.763240 -5.082889
1.739569 1.763036 -5.082891
1.739569 1.762839 -5.082894
1.739569 1.762637 -5.082896
1.739569 1.762461 -5.082898
1.739569 1.762250 -5.082901
1.739569 1.762045 -5.082903
1.739569 1.761867 -5.082905
1.739569 1.761687 -5.082907
1.739569 1.761500 -5.082909
1.739569 1.761330 -5.082911
1.739569 1.761147 -5.082913
1.739569 1.760973 -5.082915
1.739569 1.760805 -5.082917
1.739569 1.760611 -5.082919
1.739569 1.760436 -5.082921
1.739569 1.760259 -5.082922
1.739569 1.760093 -5.082924
1.739569 1.759930 -5.082926
1.739569 1.759765 -5.082928
1.739569 1.759598 -5.082929
1.739569 1.759422 -5.082931
1.739569 1.759266 -5.082933
1.739569 1.759096 -5.082934
1.739569 1.758942 -5.082936
1.739569 1.758793 -5.082937
1.739569 1.758641 -5.082939
1.739569 1.758485 -5.082940
1.739569 1.758316 -5.082942
1.739569 1.758178 -5.082943
1.739569 1.758023 -5.082945
1.739569 1.757882 -5.082946
1.739569 1.757723 -5.082948
1.739569 1.757575 -5.082949
1.739569 1.757420 -5.082951
1.739569 1.757259 -5.082952
1.739569 1.757126 -5.082953
1.739569 1.756989 -5.082954
1.739569 1.756848 -5.082956
1.739569 1.756715 -5.082957
1.739569 1.756584 -5.082958
1.739569 1.756444 -5.082959
1.739569 1.756303 -5.082961
1.739569 1.756168 -5.082962
1.739569 1.756026 -5.082963
1.739569 1.755889 -5.082964
1.739569 1.755763 -5.082965
1.739569 1.755636 -5.082967
1.739569 1.755509 -5.082968
1.739569 1.755379 -5.082969
1.739569 1.755251 -5.082970
1.739569 1.755122 -5.082971
1.739569 1.755004 -5.082972
1.739569 1.754870 -5.082973
1.739569 1.754744 -5.082974
1.739569 1.754612 -5.082975
1.739569 1.754485 -5.082976
1.739569 1.754359 -5.082977
1.739569 1.754239 -5.082978
1.739569 1.754118 -5.082979
1.739569 1.754002 -5.082980
1.739569 1.753886 -5.082981
1.739569 1.753773 -5.082982
1.739569 1.753661 -5.082983
1.739569 1.753540 -5.082984
1.739569 1.753424 -5.082984
1.739569 1.753317 -5.082985
1.739569 1.753205 -5.082986
1.739569 1.753101 -5.082987
1.739569 1.752992 -5.082988
1.739569 1.752887 -5.082988
1.739569 1.752780 -5.082989
1.739569 1.752675 -5.082990
1.739569 1.752575 -5.082991
1.739569 1.752457 -5.082992
1.739569 1.752345 -5.082992
1.739569 1.752246 -5.082993
1.739569 1.752131 -5.082994
1.739569 1.752032 -5.082995
1.739569 1.751934 -5.082995
1.739569 1.751838 -5.082996
1.739569 1.751734 -5.082997
1.739569 1.751638 -5.082997
1.739569 1.751535 -5.082998
1.739569 1.751437 -5.082999
1.739569 1.751336 -5.082999
1.739569 1.751243 -5.083000
1.739569 1.751145 -5.083001
1.739569 1.751051 -5.083001
1.739569 1.750960 -5.083002
1.739569 1.750867 -5.083002
1.739569 1.750780 -5.083003
1.739569 1.750693 -5.083004
1.739569 1.750612 -5.083004
1.739569 1.750525 -5.083005
1.739569 1.750443 -5.083005
1.739569 1.750350 -5.083006
1.739569 1.750260 -5.083006
1.739569 1.750169 -5.083007
1.739569 1.750089 -5.083007
1.739569 1.750006 -5.083008
1.739569 1.749919 -5.083008
1.739569 1.749838 -5.083009
1.739569 1.749757 -5.083009
1.739569 1.749675 -5.083010
1.739569 1.749590 -5.083010
1.739569 1.749508 -5.083011
1.739569 1.749419 -5.083011
1.739569 1.749339 -5.083012
1.739569 1.749255 -5.083012
1.739569 1.749180 -5.083013
1.739569 1.749107 -5.083013
1.739569 1.749033 -5.083014
1.739569 1.748962 -5.083014
1.739569 1.748878 -5.083014
1.739569 1.748797 -5.083015
1.739569 1.748727 -5.083015
1.739569 1.748650 -5.083016
1.739569 1.748578 -5.083016
1.739569 1.748503 -5.083016
1.739569 1.748428 -5.083017
1.739569 1.748350 -5.083017
1.739569 1.748281 -5.083018
1.739569 1.748218 -5.083018
1.739569 1.748148 -5.083018
1.739569 1.748072 -5.083019
1.739569 1.748007 -5.083019
1.739569 1.747938 -5.083019
1.739569 1.747873 -5.083020
1.739569 1.747804 -5.083020
1.739569 1.747729 -5.083020
1.739569 1.747661 -5.083021
1.739569 1.747592 -5.083021
1.739569 1.747529 -5.083021
1.739569 1.747467 -5.083022
1.739569 1.747402 -5.083022
1.739569 1.747333 -5.083022
1.739569 1.747273 -5.083023
1.739569 1.747218 -5.083023
1.739569 1.747163 -5.083023
1.739569 1.747106 -5.083023
1.739569 1.747044 -5.083024
1.739569 1.746985 -5.083024
1.739569 1.746926 -5.083024
1.739569 1.746866 -5.083024
1.739569 1.746813 -5.083025
1.739569 1.746748 -5.083025
1.739569 1.746687 -5.083025
1.739569 1.746621 -5.083026
1.739569 1.746565 -5.083026
1.739569 1.746508 -5.083026
1.739569 1.746452 -5.083026
1.739569 1.746394 -5.083027
1.739569 1.746336 -5.083027
1.739569 1.746286 -5.083027
1.739569 1.746239 -5.083027
1.739569 1.746185 -5.083027
1.739569 1.746129 -5.083028
1.739569 1.746074 -5.083028
1.739569 1.746020 -5.083028
1.739569 1.745969 -5.083028
1.739569 1.745912 -5.083029
1.739569 1.745860 -5.083029
1.739569 1.745806 -5.083029
1.739569 1.745759 -5.083029
1.739569 1.745707 -5.083029
1.739569 1.745660 -5.083030
1.739569 1.745608 -5.083030
1.739569 1.745563 -5.083030
1.739569 1.745513 -5.083030
1.739569 1.745464 -5.083030
1.739569 1.745416 -5.083031
1.739569 1.745367 -5.083031
1.739569 1.745323 -5.083031
1.739569 1.745281 -5.083031
1.739569 1.745238 -5.083031
1.739569 1.745191 -5.083031
1.739569 1.745146 -5.083032
1.739569 1.745101 -5.083032
1.739569 1.745056 -5.083032
1.739569 1.745013 -5.083032
1.739569 1.744969 -5.083032
1.739569 1.744925 -5.083032
1.739569 1.744882 -5.083033
1.739569 1.744840 -5.083033
1.739569 1.744796 -5.083033
1.739569 1.744755 -5.083033
1.739569 1.744712 -5.083033
1.739569 1.744671 -5.083033
1.739569 1.744629 -5.083034
1.739569 1.744588 -5.083034
1.739569 1.744548 -5.083034
1.739569 1.744507 -5.083034
1.739569 1.744466 -5.083034
1.739569 1.744426 -5.083034
1.739569 1.744388 -5.083034
1.739569 1.744352 -5.083034
1.739569 1.744313 -5.083035
1.739569 1.744273 -5.083035
1.739569 1.744236 -5.083035
1.739569 1.744198 -5.083035
1.739569 1.744159 -5.083035
1.739569 1.744122 -5.083035
1.739569 1.744085 -5.083035
1.739569 1.744050 -5.083035
1.739569 1.744015 -5.083036
1.739569 1.743982 -5.083036
1.739569 1.743945 -5.083036
1.739569 1.743909 -5.083036
1.739569 1.743874 -5.083036
1.739569 1.743839 -5.083036
1.739569 1.743803 -5.083036
1.739569 1.743770 -5.083036
1.739569 1.743738 -5.083036
1.739569 1.743703 -5.083036
1.739569 1.743671 -5.083037
1.739569 1.743635 -5.083037
1.739569 1.743600 -5.083037
1.739569 1.743567 -5.083037
1.739569 1.743537 -5.083037
1.739569 1.743509 -5.083037
1.739569 1.743475 -5.083037
1.739569 1.743441 -5.083037
1.739569 1.743410 -5.083037
1.739569 1.743379 -5.083037
1.739569 1.743348 -5.083038
1.739569 1.743318 -5.083038
1.739569 1.743291 -5.083038
1.739569 1.743259 -5.083038
1.739569 1.743228 -5.083038
1.739569 1.743200 -5.083038
1.739569 1.743171 -5.083038
1.739569 1.743141 -5.083038
1.739569 1.743113 -5.083038
1.739569 1.743086 -5.083038
1.739569 1.743059 -5.083038
1.739569 1.743034 -5.083038
1.739569 1.743005 -5.083038
1.739569 1.742979 -5.083039
1.739569 1.742950 -5.083039
1.739569 1.742925 -5.083039
1.739569 1.742898 -5.083039
1.739569 1.742873 -5.083039
1.739569 1.742847 -5.083039
1.739569 1.742821 -5.083039
1.739569 1.742793 -5.083039
1.739569 1.742767 -5.083039
1.739569 1.742741 -5.083039
1.739569 1.742712 -5.083039
1.739569 1.742688 -5.083039
1.739569 1.742662 -5.083039
1.739569 1.742634 -5.083039
1.739569 1.742608 -5.083039
1.739569 1.742584 -5.083039
1.739569 1.742560 -5.083040
1.739569 1.742536 -5.083040
1.739569 1.742512 -5.083040
1.739569 1.742492 -5.083040
1.739569 1.742470 -5.083040
1.739569 1.742448 -5.083040
1.739569 1.742427 -5.083040
1.739569 1.742402 -5.083040
1.739569 1.742379 -5.083040
1.739569 1.742357 -5.083040
1.739569 1.742336 -5.083040
1.739569 1.742314 -5.083040
1.739569 1.742291 -5.083040
1.739569 1.742270 -5.083040
1.739569 1.742250 -5.083040
1.739569 1.742229 -5.083040
1.739569 1.742209 -5.083040
1.739569 1.742187 -5.083040
1.739569 1.742166 -5.083040
1.739569 1.742146 -5.083040
1.739569 1.742125 -5.083041
1.739569 1.742106 -5.083041
1.739569 1.742084 -5.083041
1.739569 1.742064 -5.083041
1.739569 1.742043 -5.083041
1.739569 1.742025 -5.083041
1.739569 1.742005 -5.083041
1.739569 1.741986 -5.083041
1.739569 1.741966 -5.083041
1.739569 1.741945 -5.083041
1.739569 1.741928 -5.083041
1.739569 1.741910 -5.083041
1.739569 1.741890 -5.083041
1.739569 1.741870 -5.083041
1.739569 1.741850 -5.083041
1.739569 1.741833 -5.083041
1.739569 1.741815 -5.083041
1.739569 1.741797 -5.083041
1.739569 1.741779 -5.083041
1.739569 1.741762 -5.083041
1.739569 1.741745 -5.083041
1.739569 1.741728 -5.083041
1.739569 1.741709 -5.083041
1.739569 1.741691 -5.083041
1.739569 1.741674 -5.083041
1.739569 1.741658 -5.083041
1.739569 1.741643 -5.083041
1.739569 1.741627 -5.083042
1.739569 1.741611 -5.083042
1.739569 1.741595 -5.083042
1.739569 1.741577 -5.083042
1.739569 1.741562 -5.083042
1.739569 1.741546 -5.083042
1.739569 1.741529 -5.083042
1.739569 1.741512 -5.083042
1.739569 1.741496 -5.083042
1.739569 1.741480 -5.083042
1.739569 1.741464 -5.083042
1.739569 1.741449 -5.083042
1.739569 1.741434 -5.083042
1.739569 1.741419 -5.083042
1.739569 1.741406 -5.083042
1.739569 1.741392 -5.083042
1.739569 1.741377 -5.083042
1.739569 1.741362 -5.083042
1.739569 1.741347 -5.083042
1.739569 1.741333 -5.083042
1.739569 1.741318 -5.083042
1.739569 1.741304 -5.083042
1.739569 1.741290 -5.083042
1.739569 1.741276 -5.083042
1.739569 1.741261 -5.083042
1.739569 1.741248 -5.083042
1.739569 1.741234 -5.083042
1.739569 1.741222 -5.083042
1.739569 1.741208 -5.083042
1.739569 1.741194 -5.083042
1.739569 1.741182 -5.083042
1.739569 1.741169 -5.083042
1.739569 1.741157 -5.083042
1.739569 1.741145 -5.083042
1.739569 1.741132 -5.083042
1.739569 1.741119 -5.083042
1.739569 1.741107 -5.083042
1.739569 1.741095 -5.083042
1.739569 1.741084 -5.083042
1.739569 1.741071 -5.083042
1.739569 1.741060 -5.083042
1.739569 1.741048 -5.083042
1.739569 1.741037 -5.083042
1.739569 1.741025 -5.083043
1.739569 1.741014 -5.083043
1.739569 1.741002 -5.083043
1.739569 1.740990 -5.083043
1.739569 1.740978 -5.083043
1.739569 1.740967 -5.083043
1.739569 1.740956 -5.083043
1.739569 1.740945 -5.083043
1.739569 1.740935 -5.083043
1.739569 1.740924 -5.083043
1.739569 1.740913 -5.083043
1.739569 1.740902 -5.083043
1.739569 1.740892 -5.083043
1.739569 1.740881 -5.083043
1.739569 1.740870 -5.083043
1.739569 1.740859 -5.083043
1.739569 1.740850 -5.083043
1.739569 1.740840 -5.083043
1.739569 1.740829 -5.083043
1.739569 1.740819 -5.083043
1.739569 1.740808 -5.083043
1.739569 1.740799 -5.083043
1.739569 1.740789 -5.083043
1.739569 1.740780 -5.083043
1.739569 1.740771 -5.083043
1.739569 1.740762 -5.083043
1.739569 1.740753 -5.083043
1.739569 1.740742 -5.083043
1.739569 1.740732 -5.083043
1.739569 1.740723 -5.083043
1.739569 1.740713 -5.083043
1.739569 1.740705 -5.083043
1.739569 1.740696 -5.083043
1.739569 1.740687 -5.083043
1.739569 1.740678 -5.083043
1.739569 1.740668 -5.083043
1.739569 1.740660 -5.083043
1.739569 1.740651 -5.083043
1.739569 1.740641 -5.083043
1.739569 1.740633 -5.083043
1.739569 1.740625 -5.083043
1.739569 1.740616 -5.083043
1.739569 1.740608 -5.083043
1.739569 1.740600 -5.083043
1.739569 1.740591 -5.083043
1.739569 1.740582 -5.083043
1.739569 1.740574 -5.083043
1.739569 1.740566 -5.083043
1.739569 1.740558 -5.083043
1.739569 1.740550 -5.083043
1.739569 1.740542 -5.083043
1.739569 1.740535 -5.083043
1.739569 1.740527 -5.083043
1.739569 1.740519 -5.083043
1.739569 1.740510 -5.083043
1.739569 1.740504 -5.083043
1.739569 1.740497 -5.083043
1.739569 1.740490 -5.083043
1.739569 1.740483 -5.083043
1.739569 1.740476 -5.083043
1.739569 1.740469 -5.083043
1.739569 1.740463 -5.083043
1.739569 1.740455 -5.083043
1.739569 1.740448 -5.083043
1.739569 1.740441 -5.083043
1.739569 1.740434 -5.083043
1.739569 1.740427 -5.083043
1.739569 1.740420 -5.083043
1.739569 1.740412 -5.083043
1.739569 1.740406 -5.083043
1.739569 1.740398 -5.083043
1.739569 1.740391 -5.083043
1.739569 1.740385 -5.083043
1.739569 1.740378 -5.083043
1.739569 1.740372 -5.083043
1.739569 1.740366 -5.083043
1.739569 1.740360 -5.083043
1.739569 1.740353 -5.083043
1.739569 1.740347 -5.083043
1.739569 1.740341 -5.083043
1.739569 1.740335 -5.083043
1.739569 1.740329 -5.083043
1.739569 1.740323 -5.083043
1.739569 1.740316 -5.083043
1.739569 1.740310 -5.083043
1.739569 1.740304 -5.083043
1.739569 1.740299 -5.083043
1.739569 1.740293 -5.083043
1.739569 1.740287 -5.083043
1.739569 1.740281 -5.083043
1.739569 1.740275 -5.083043
1.739569 1.740270 -5.083043
1.739569 1.740264 -5.083043
1.739569 1.740258 -5.083043
1.739569 1.740253 -5.083043
1.739569 1.740248 -5.083043
1.739569 1.740243 -5.083043
1.739569 1.740238 -5.083043
1.739569 1.740232 -5.083043
1.739569 1.740228 -5.083043
1.739569 1.740222 -5.083043
1.739569 1.740216 -5.083043
1.739569 1.740211 -5.083043
1.739569 1.740206 -5.083043
1.739569 1.740201 -5.083043
1.739569 1.740196 -5.083043
1.739569 1.740190 -5.083043
1.739569 1.740185 -5.083043
1.739569 1.740181 -5.083043
1.739569 1.740175 -5.083043
1.739569 1.740171 -5.083043
1.739569 1.740166 -5.083043
1.739569 1.740161 -5.083043
1.739569 1.740156 -5.083043
1.739569 1.740151 -5.083043
1.739569 1.740146 -5.083043
1.739569 1.740141 -5.083043
1.739569 1.740137 -5.083043
1.739569 1.740132 -5.083044
1.739569 1.740128 -5.083044
1.739569 1.740123 -5.083044
1.739569 1.740119 -5.083044
1.739569 1.740114 -5.083044
1.739569 1.740109 -5.083044
1.739569 1.740105 -5.083044
1.739569 1.740101 -5.083044
1.739569 1.740097 -5.083044
1.739569 1.740093 -5.083044
1.739569 1.740089 -5.083044
1.739569 1.740084 -5.083044
1.739569 1.740081 -5.083044
1.739569 1.740077 -5.083044
1.739569 1.740072 -5.083044
1.739569 1.740069 -5.083044
1.739569 1.740064 -5.083044
1.739569 1.740060 -5.083044
1.739569 1.740057 -5.083044
1.739569 1.740053 -5.083044
1.739569 1.740049 -5.083044
1.739569 1.740045 -5.083044
1.739569 1.740041 -5.083044
1.739569 1.740037 -5.083044
1.739569 1.740034 -5.083044
1.739569 1.740030 -5.083044
1.739569 1.740026 -5.083044
1.739569 1.740022 -5.083044
1.739569 1.740018 -5.083044
1.739569 1.740015 -5.083044
1.739569 1.740012 -5.083044
1.739569 1.740008 -5.083044
1.739569 1.740005 -5.083044
1.739569 1.740001 -5.083044
1.739569 1.739998 -5.083044
1.739569 1.739994 -5.083044
1.739569 1.739991 -5.083044
1.739569 1.739987 -5.083044
1.739569 1.739984 -5.083044
1.739569 1.739980 -5.083044
1.739569 1.739977 -5.083044
1.739569 1.739974 -5.083044
